{"/Users/zdelcoco/prayerloop/prayerloop-mobile/store/authSlice.ts": {"path":"/Users/zdelcoco/prayerloop/prayerloop-mobile/store/authSlice.ts","statementMap":{"0":{"start":{"line":1,"column":0},"end":{"line":1,"column":78}},"1":{"start":{"line":3,"column":0},"end":{"line":3,"column":39}},"2":{"start":{"line":6,"column":0},"end":{"line":6,"column":42}},"3":{"start":{"line":8,"column":0},"end":{"line":8,"column":44}},"4":{"start":{"line":10,"column":0},"end":{"line":10,"column":54}},"5":{"start":{"line":11,"column":0},"end":{"line":11,"column":48}},"6":{"start":{"line":12,"column":0},"end":{"line":12,"column":69}},"7":{"start":{"line":27,"column":32},"end":{"line":33,"column":2}},"8":{"start":{"line":35,"column":18},"end":{"line":72,"column":2}},"9":{"start":{"line":40,"column":6},"end":{"line":40,"column":31}},"10":{"start":{"line":43,"column":6},"end":{"line":43,"column":33}},"11":{"start":{"line":44,"column":6},"end":{"line":44,"column":35}},"12":{"start":{"line":45,"column":6},"end":{"line":45,"column":41}},"13":{"start":{"line":46,"column":6},"end":{"line":46,"column":39}},"14":{"start":{"line":49,"column":6},"end":{"line":49,"column":30}},"15":{"start":{"line":50,"column":6},"end":{"line":50,"column":35}},"16":{"start":{"line":53,"column":6},"end":{"line":53,"column":31}},"17":{"start":{"line":56,"column":6},"end":{"line":56,"column":33}},"18":{"start":{"line":57,"column":6},"end":{"line":57,"column":25}},"19":{"start":{"line":60,"column":6},"end":{"line":60,"column":30}},"20":{"start":{"line":61,"column":6},"end":{"line":61,"column":35}},"21":{"start":{"line":64,"column":6},"end":{"line":64,"column":24}},"22":{"start":{"line":65,"column":6},"end":{"line":65,"column":28}},"23":{"start":{"line":66,"column":6},"end":{"line":66,"column":36}},"24":{"start":{"line":69,"column":6},"end":{"line":69,"column":34}},"25":{"start":{"line":74,"column":13},"end":{"line":74,"column":null}},"26":{"start":{"line":85,"column":2},"end":{"line":100,"column":3}},"27":{"start":{"line":86,"column":2},"end":{"line":100,"column":3}},"28":{"start":{"line":87,"column":4},"end":{"line":87,"column":27}},"29":{"start":{"line":88,"column":4},"end":{"line":99,"column":5}},"30":{"start":{"line":89,"column":21},"end":{"line":89,"column":56}},"31":{"start":{"line":90,"column":6},"end":{"line":96,"column":7}},"32":{"start":{"line":91,"column":8},"end":{"line":91,"column":44}},"33":{"start":{"line":93,"column":8},"end":{"line":95,"column":10}},"34":{"start":{"line":98,"column":6},"end":{"line":98,"column":58}},"35":{"start":{"line":84,"column":13},"end":{"line":84,"column":null}},"36":{"start":{"line":103,"column":2},"end":{"line":118,"column":3}},"37":{"start":{"line":104,"column":2},"end":{"line":118,"column":3}},"38":{"start":{"line":105,"column":4},"end":{"line":105,"column":28}},"39":{"start":{"line":106,"column":4},"end":{"line":117,"column":5}},"40":{"start":{"line":107,"column":21},"end":{"line":107,"column":49}},"41":{"start":{"line":108,"column":6},"end":{"line":114,"column":7}},"42":{"start":{"line":109,"column":8},"end":{"line":109,"column":45}},"43":{"start":{"line":111,"column":8},"end":{"line":113,"column":10}},"44":{"start":{"line":116,"column":6},"end":{"line":116,"column":59}},"45":{"start":{"line":102,"column":13},"end":{"line":102,"column":null}},"46":{"start":{"line":120,"column":29},"end":{"line":145,"column":1}},"47":{"start":{"line":120,"column":45},"end":{"line":145,"column":1}},"48":{"start":{"line":121,"column":20},"end":{"line":121,"column":35}},"49":{"start":{"line":123,"column":2},"end":{"line":127,"column":3}},"50":{"start":{"line":125,"column":4},"end":{"line":125,"column":37}},"51":{"start":{"line":126,"column":4},"end":{"line":126,"column":11}},"52":{"start":{"line":129,"column":2},"end":{"line":144,"column":3}},"53":{"start":{"line":131,"column":20},"end":{"line":131,"column":48}},"54":{"start":{"line":132,"column":24},"end":{"line":132,"column":41}},"55":{"start":{"line":134,"column":4},"end":{"line":138,"column":5}},"56":{"start":{"line":136,"column":6},"end":{"line":136,"column":58}},"57":{"start":{"line":137,"column":6},"end":{"line":137,"column":39}},"58":{"start":{"line":142,"column":4},"end":{"line":142,"column":66}},"59":{"start":{"line":143,"column":4},"end":{"line":143,"column":37}},"60":{"start":{"line":120,"column":13},"end":{"line":120,"column":29}},"61":{"start":{"line":148,"column":25},"end":{"line":168,"column":1}},"62":{"start":{"line":149,"column":2},"end":{"line":167,"column":3}},"63":{"start":{"line":150,"column":26},"end":{"line":150,"column":74}},"64":{"start":{"line":151,"column":26},"end":{"line":151,"column":74}},"65":{"start":{"line":153,"column":4},"end":{"line":163,"column":5}},"66":{"start":{"line":155,"column":6},"end":{"line":155,"column":66}},"67":{"start":{"line":156,"column":6},"end":{"line":156,"column":58}},"68":{"start":{"line":161,"column":6},"end":{"line":161,"column":55}},"69":{"start":{"line":162,"column":6},"end":{"line":162,"column":25}},"70":{"start":{"line":165,"column":4},"end":{"line":165,"column":47}},"71":{"start":{"line":166,"column":4},"end":{"line":166,"column":23}},"72":{"start":{"line":170,"column":22},"end":{"line":182,"column":1}},"73":{"start":{"line":170,"column":38},"end":{"line":182,"column":1}},"74":{"start":{"line":172,"column":2},"end":{"line":177,"column":3}},"75":{"start":{"line":173,"column":4},"end":{"line":173,"column":56}},"76":{"start":{"line":174,"column":4},"end":{"line":174,"column":56}},"77":{"start":{"line":176,"column":4},"end":{"line":176,"column":72}},"78":{"start":{"line":179,"column":2},"end":{"line":179,"column":28}},"79":{"start":{"line":180,"column":2},"end":{"line":180,"column":31}},"80":{"start":{"line":181,"column":2},"end":{"line":181,"column":30}},"81":{"start":{"line":170,"column":13},"end":{"line":170,"column":22}},"82":{"start":{"line":184,"column":31},"end":{"line":184,"column":63}},"83":{"start":{"line":184,"column":53},"end":{"line":184,"column":63}},"84":{"start":{"line":184,"column":13},"end":{"line":184,"column":31}},"85":{"start":{"line":186,"column":13},"end":{"line":189,"column":4}},"86":{"start":{"line":186,"column":79},"end":{"line":189,"column":2}},"87":{"start":{"line":191,"column":0},"end":{"line":191,"column":33}}},"fnMap":{"0":{"name":"(anonymous_1)","decl":{"start":{"line":39,"column":16},"end":{"line":39,"column":17}},"loc":{"start":{"line":39,"column":26},"end":{"line":41,"column":5}}},"1":{"name":"(anonymous_2)","decl":{"start":{"line":42,"column":18},"end":{"line":42,"column":19}},"loc":{"start":{"line":42,"column":66},"end":{"line":47,"column":5}}},"2":{"name":"(anonymous_3)","decl":{"start":{"line":48,"column":18},"end":{"line":48,"column":19}},"loc":{"start":{"line":48,"column":59},"end":{"line":51,"column":5}}},"3":{"name":"(anonymous_4)","decl":{"start":{"line":52,"column":17},"end":{"line":52,"column":18}},"loc":{"start":{"line":52,"column":27},"end":{"line":54,"column":5}}},"4":{"name":"(anonymous_5)","decl":{"start":{"line":55,"column":19},"end":{"line":55,"column":20}},"loc":{"start":{"line":55,"column":68},"end":{"line":58,"column":5}}},"5":{"name":"(anonymous_6)","decl":{"start":{"line":59,"column":19},"end":{"line":59,"column":20}},"loc":{"start":{"line":59,"column":60},"end":{"line":62,"column":5}}},"6":{"name":"(anonymous_7)","decl":{"start":{"line":63,"column":19},"end":{"line":63,"column":20}},"loc":{"start":{"line":63,"column":29},"end":{"line":67,"column":5}}},"7":{"name":"(anonymous_8)","decl":{"start":{"line":68,"column":30},"end":{"line":68,"column":31}},"loc":{"start":{"line":68,"column":69},"end":{"line":70,"column":5}}},"8":{"name":"(anonymous_9)","decl":{"start":{"line":85,"column":2},"end":{"line":85,"column":3}},"loc":{"start":{"line":86,"column":2},"end":{"line":100,"column":3}}},"9":{"name":"(anonymous_10)","decl":{"start":{"line":86,"column":2},"end":{"line":86,"column":7}},"loc":{"start":{"line":86,"column":21},"end":{"line":100,"column":3}}},"10":{"name":"(anonymous_11)","decl":{"start":{"line":103,"column":2},"end":{"line":103,"column":3}},"loc":{"start":{"line":104,"column":2},"end":{"line":118,"column":3}}},"11":{"name":"(anonymous_12)","decl":{"start":{"line":104,"column":2},"end":{"line":104,"column":7}},"loc":{"start":{"line":104,"column":21},"end":{"line":118,"column":3}}},"12":{"name":"(anonymous_13)","decl":{"start":{"line":120,"column":29},"end":{"line":120,"column":42}},"loc":{"start":{"line":120,"column":45},"end":{"line":145,"column":1}}},"13":{"name":"(anonymous_14)","decl":{"start":{"line":120,"column":45},"end":{"line":120,"column":50}},"loc":{"start":{"line":120,"column":74},"end":{"line":145,"column":1}}},"14":{"name":"(anonymous_15)","decl":{"start":{"line":148,"column":25},"end":{"line":148,"column":30}},"loc":{"start":{"line":148,"column":49},"end":{"line":168,"column":1}}},"15":{"name":"(anonymous_16)","decl":{"start":{"line":170,"column":22},"end":{"line":170,"column":35}},"loc":{"start":{"line":170,"column":38},"end":{"line":182,"column":1}}},"16":{"name":"(anonymous_17)","decl":{"start":{"line":170,"column":38},"end":{"line":170,"column":43}},"loc":{"start":{"line":170,"column":57},"end":{"line":182,"column":1}}},"17":{"name":"(anonymous_18)","decl":{"start":{"line":184,"column":31},"end":{"line":184,"column":32}},"loc":{"start":{"line":184,"column":53},"end":{"line":184,"column":63}}},"18":{"name":"(anonymous_19)","decl":{"start":{"line":186,"column":68},"end":{"line":186,"column":69}},"loc":{"start":{"line":186,"column":79},"end":{"line":189,"column":2}}}},"branchMap":{"0":{"loc":{"start":{"line":90,"column":6},"end":{"line":96,"column":7}},"type":"if","locations":[{"start":{"line":90,"column":6},"end":{"line":96,"column":7}},{"start":{"line":92,"column":13},"end":{"line":96,"column":7}}]},"1":{"loc":{"start":{"line":94,"column":23},"end":{"line":94,"column":75}},"type":"binary-expr","locations":[{"start":{"line":94,"column":23},"end":{"line":94,"column":44}},{"start":{"line":94,"column":48},"end":{"line":94,"column":75}}]},"2":{"loc":{"start":{"line":108,"column":6},"end":{"line":114,"column":7}},"type":"if","locations":[{"start":{"line":108,"column":6},"end":{"line":114,"column":7}},{"start":{"line":110,"column":13},"end":{"line":114,"column":7}}]},"3":{"loc":{"start":{"line":112,"column":24},"end":{"line":112,"column":76}},"type":"binary-expr","locations":[{"start":{"line":112,"column":24},"end":{"line":112,"column":45}},{"start":{"line":112,"column":49},"end":{"line":112,"column":76}}]},"4":{"loc":{"start":{"line":123,"column":2},"end":{"line":127,"column":3}},"type":"if","locations":[{"start":{"line":123,"column":2},"end":{"line":127,"column":3}}]},"5":{"loc":{"start":{"line":134,"column":4},"end":{"line":138,"column":5}},"type":"if","locations":[{"start":{"line":134,"column":4},"end":{"line":138,"column":5}}]},"6":{"loc":{"start":{"line":153,"column":4},"end":{"line":163,"column":5}},"type":"if","locations":[{"start":{"line":153,"column":4},"end":{"line":163,"column":5}},{"start":{"line":159,"column":11},"end":{"line":163,"column":5}}]},"7":{"loc":{"start":{"line":153,"column":8},"end":{"line":153,"column":38}},"type":"binary-expr","locations":[{"start":{"line":153,"column":8},"end":{"line":153,"column":21}},{"start":{"line":153,"column":25},"end":{"line":153,"column":38}}]}},"s":{"0":1,"1":1,"2":1,"3":1,"4":1,"5":1,"6":1,"7":1,"8":1,"9":3,"10":2,"11":2,"12":2,"13":2,"14":2,"15":2,"16":1,"17":1,"18":1,"19":1,"20":1,"21":2,"22":2,"23":2,"24":1,"25":1,"26":1,"27":4,"28":2,"29":2,"30":2,"31":2,"32":1,"33":1,"34":0,"35":1,"36":1,"37":0,"38":0,"39":0,"40":0,"41":0,"42":0,"43":0,"44":0,"45":1,"46":1,"47":4,"48":4,"49":4,"50":1,"51":1,"52":3,"53":3,"54":3,"55":3,"56":2,"57":2,"58":0,"59":0,"60":1,"61":1,"62":3,"63":3,"64":3,"65":3,"66":2,"67":2,"68":1,"69":1,"70":0,"71":0,"72":1,"73":2,"74":1,"75":1,"76":1,"77":0,"78":1,"79":1,"80":1,"81":1,"82":1,"83":0,"84":1,"85":1,"86":0,"87":1},"f":{"0":3,"1":2,"2":2,"3":1,"4":1,"5":1,"6":2,"7":1,"8":4,"9":2,"10":0,"11":0,"12":4,"13":4,"14":3,"15":2,"16":1,"17":0,"18":0},"b":{"0":[1,1],"1":[1,0],"2":[0,0],"3":[0,0],"4":[1],"5":[2],"6":[2,1],"7":[3,2]}}
,"/Users/zdelcoco/prayerloop/prayerloop-mobile/store/groupPrayersSlice.ts": {"path":"/Users/zdelcoco/prayerloop/prayerloop-mobile/store/groupPrayersSlice.ts","statementMap":{"0":{"start":{"line":1,"column":0},"end":{"line":1,"column":78}},"1":{"start":{"line":5,"column":0},"end":{"line":5,"column":58}},"2":{"start":{"line":6,"column":0},"end":{"line":6,"column":62}},"3":{"start":{"line":7,"column":0},"end":{"line":7,"column":89}},"4":{"start":{"line":30,"column":40},"end":{"line":41,"column":2}},"5":{"start":{"line":43,"column":26},"end":{"line":104,"column":2}},"6":{"start":{"line":48,"column":6},"end":{"line":48,"column":31}},"7":{"start":{"line":54,"column":6},"end":{"line":54,"column":33}},"8":{"start":{"line":55,"column":6},"end":{"line":55,"column":45}},"9":{"start":{"line":56,"column":6},"end":{"line":56,"column":59}},"10":{"start":{"line":59,"column":6},"end":{"line":59,"column":30}},"11":{"start":{"line":60,"column":6},"end":{"line":60,"column":35}},"12":{"start":{"line":63,"column":6},"end":{"line":63,"column":32}},"13":{"start":{"line":66,"column":6},"end":{"line":66,"column":33}},"14":{"start":{"line":69,"column":6},"end":{"line":69,"column":30}},"15":{"start":{"line":70,"column":6},"end":{"line":70,"column":35}},"16":{"start":{"line":73,"column":6},"end":{"line":73,"column":34}},"17":{"start":{"line":76,"column":6},"end":{"line":76,"column":33}},"18":{"start":{"line":77,"column":6},"end":{"line":77,"column":37}},"19":{"start":{"line":80,"column":6},"end":{"line":80,"column":30}},"20":{"start":{"line":81,"column":6},"end":{"line":81,"column":35}},"21":{"start":{"line":84,"column":6},"end":{"line":84,"column":28}},"22":{"start":{"line":85,"column":6},"end":{"line":85,"column":31}},"23":{"start":{"line":86,"column":6},"end":{"line":86,"column":27}},"24":{"start":{"line":87,"column":6},"end":{"line":87,"column":25}},"25":{"start":{"line":90,"column":6},"end":{"line":90,"column":41}},"26":{"start":{"line":93,"column":6},"end":{"line":93,"column":37}},"27":{"start":{"line":96,"column":6},"end":{"line":96,"column":29}},"28":{"start":{"line":97,"column":6},"end":{"line":101,"column":8}},"29":{"start":{"line":106,"column":13},"end":{"line":118,"column":null}},"30":{"start":{"line":129,"column":2},"end":{"line":158,"column":3}},"31":{"start":{"line":132,"column":2},"end":{"line":158,"column":3}},"32":{"start":{"line":133,"column":21},"end":{"line":133,"column":31}},"33":{"start":{"line":134,"column":4},"end":{"line":137,"column":5}},"34":{"start":{"line":135,"column":6},"end":{"line":135,"column":78}},"35":{"start":{"line":136,"column":6},"end":{"line":136,"column":13}},"36":{"start":{"line":138,"column":4},"end":{"line":138,"column":34}},"37":{"start":{"line":139,"column":4},"end":{"line":139,"column":37}},"38":{"start":{"line":141,"column":4},"end":{"line":157,"column":5}},"39":{"start":{"line":142,"column":21},"end":{"line":142,"column":70}},"40":{"start":{"line":143,"column":6},"end":{"line":154,"column":7}},"41":{"start":{"line":144,"column":8},"end":{"line":149,"column":10}},"42":{"start":{"line":151,"column":8},"end":{"line":153,"column":10}},"43":{"start":{"line":156,"column":6},"end":{"line":156,"column":61}},"44":{"start":{"line":128,"column":13},"end":{"line":128,"column":null}},"45":{"start":{"line":161,"column":2},"end":{"line":190,"column":3}},"46":{"start":{"line":162,"column":2},"end":{"line":190,"column":3}},"47":{"start":{"line":163,"column":21},"end":{"line":163,"column":31}},"48":{"start":{"line":164,"column":4},"end":{"line":167,"column":5}},"49":{"start":{"line":165,"column":6},"end":{"line":165,"column":67}},"50":{"start":{"line":166,"column":6},"end":{"line":166,"column":13}},"51":{"start":{"line":169,"column":4},"end":{"line":169,"column":39}},"52":{"start":{"line":171,"column":4},"end":{"line":189,"column":5}},"53":{"start":{"line":172,"column":21},"end":{"line":175,"column":null}},"54":{"start":{"line":177,"column":6},"end":{"line":186,"column":7}},"55":{"start":{"line":178,"column":8},"end":{"line":178,"column":45}},"56":{"start":{"line":179,"column":8},"end":{"line":179,"column":52}},"57":{"start":{"line":181,"column":8},"end":{"line":185,"column":10}},"58":{"start":{"line":188,"column":6},"end":{"line":188,"column":63}},"59":{"start":{"line":160,"column":13},"end":{"line":160,"column":null}},"60":{"start":{"line":193,"column":2},"end":{"line":232,"column":3}},"61":{"start":{"line":194,"column":2},"end":{"line":232,"column":3}},"62":{"start":{"line":195,"column":21},"end":{"line":195,"column":31}},"63":{"start":{"line":196,"column":4},"end":{"line":199,"column":5}},"64":{"start":{"line":197,"column":6},"end":{"line":197,"column":69}},"65":{"start":{"line":198,"column":6},"end":{"line":198,"column":13}},"66":{"start":{"line":201,"column":4},"end":{"line":201,"column":41}},"67":{"start":{"line":204,"column":4},"end":{"line":204,"column":59}},"68":{"start":{"line":206,"column":4},"end":{"line":231,"column":5}},"69":{"start":{"line":207,"column":49},"end":{"line":212,"column":8}},"70":{"start":{"line":208,"column":58},"end":{"line":211,"column":10}},"71":{"start":{"line":214,"column":21},"end":{"line":217,"column":null}},"72":{"start":{"line":220,"column":6},"end":{"line":226,"column":7}},"73":{"start":{"line":222,"column":8},"end":{"line":222,"column":52}},"74":{"start":{"line":223,"column":8},"end":{"line":225,"column":10}},"75":{"start":{"line":229,"column":6},"end":{"line":229,"column":50}},"76":{"start":{"line":230,"column":6},"end":{"line":230,"column":65}},"77":{"start":{"line":192,"column":13},"end":{"line":192,"column":null}},"78":{"start":{"line":235,"column":34},"end":{"line":236,"column":28}},"79":{"start":{"line":236,"column":2},"end":{"line":236,"column":28}},"80":{"start":{"line":235,"column":13},"end":{"line":235,"column":34}},"81":{"start":{"line":237,"column":40},"end":{"line":238,"column":27}},"82":{"start":{"line":238,"column":2},"end":{"line":238,"column":27}},"83":{"start":{"line":237,"column":13},"end":{"line":237,"column":40}},"84":{"start":{"line":239,"column":39},"end":{"line":240,"column":26}},"85":{"start":{"line":240,"column":2},"end":{"line":240,"column":26}},"86":{"start":{"line":239,"column":13},"end":{"line":239,"column":39}},"87":{"start":{"line":242,"column":44},"end":{"line":243,"column":32}},"88":{"start":{"line":243,"column":2},"end":{"line":243,"column":32}},"89":{"start":{"line":242,"column":13},"end":{"line":242,"column":44}},"90":{"start":{"line":245,"column":40},"end":{"line":246,"column":28}},"91":{"start":{"line":246,"column":2},"end":{"line":246,"column":28}},"92":{"start":{"line":245,"column":13},"end":{"line":245,"column":40}},"93":{"start":{"line":249,"column":13},"end":{"line":313,"column":2}},"94":{"start":{"line":251,"column":26},"end":{"line":251,"column":52}},"95":{"start":{"line":252,"column":26},"end":{"line":252,"column":56}},"96":{"start":{"line":253,"column":26},"end":{"line":253,"column":52}},"97":{"start":{"line":256,"column":4},"end":{"line":256,"column":30}},"98":{"start":{"line":256,"column":18},"end":{"line":256,"column":30}},"99":{"start":{"line":258,"column":19},"end":{"line":258,"column":31}},"100":{"start":{"line":261,"column":4},"end":{"line":268,"column":5}},"101":{"start":{"line":262,"column":20},"end":{"line":262,"column":45}},"102":{"start":{"line":263,"column":6},"end":{"line":267,"column":8}},"103":{"start":{"line":265,"column":10},"end":{"line":266,"column":64}},"104":{"start":{"line":271,"column":4},"end":{"line":273,"column":5}},"105":{"start":{"line":272,"column":6},"end":{"line":272,"column":85}},"106":{"start":{"line":272,"column":45},"end":{"line":272,"column":83}},"107":{"start":{"line":275,"column":4},"end":{"line":277,"column":5}},"108":{"start":{"line":276,"column":6},"end":{"line":276,"column":87}},"109":{"start":{"line":276,"column":45},"end":{"line":276,"column":85}},"110":{"start":{"line":279,"column":4},"end":{"line":309,"column":5}},"111":{"start":{"line":280,"column":18},"end":{"line":280,"column":28}},"112":{"start":{"line":281,"column":25},"end":{"line":281,"column":83}},"113":{"start":{"line":285,"column":6},"end":{"line":303,"column":7}},"114":{"start":{"line":287,"column":10},"end":{"line":287,"column":34}},"115":{"start":{"line":288,"column":10},"end":{"line":288,"column":16}},"116":{"start":{"line":290,"column":10},"end":{"line":290,"column":44}},"117":{"start":{"line":291,"column":10},"end":{"line":291,"column":55}},"118":{"start":{"line":292,"column":10},"end":{"line":292,"column":16}},"119":{"start":{"line":294,"column":10},"end":{"line":294,"column":44}},"120":{"start":{"line":295,"column":10},"end":{"line":295,"column":57}},"121":{"start":{"line":296,"column":10},"end":{"line":296,"column":16}},"122":{"start":{"line":298,"column":10},"end":{"line":298,"column":44}},"123":{"start":{"line":299,"column":10},"end":{"line":299,"column":63}},"124":{"start":{"line":300,"column":10},"end":{"line":300,"column":16}},"125":{"start":{"line":302,"column":10},"end":{"line":302,"column":35}},"126":{"start":{"line":305,"column":6},"end":{"line":308,"column":9}},"127":{"start":{"line":306,"column":28},"end":{"line":306,"column":59}},"128":{"start":{"line":307,"column":8},"end":{"line":307,"column":41}},"129":{"start":{"line":311,"column":4},"end":{"line":311,"column":20}},"130":{"start":{"line":315,"column":33},"end":{"line":317,"column":1}},"131":{"start":{"line":315,"column":49},"end":{"line":317,"column":1}},"132":{"start":{"line":316,"column":2},"end":{"line":316,"column":58}},"133":{"start":{"line":315,"column":13},"end":{"line":315,"column":33}},"134":{"start":{"line":319,"column":0},"end":{"line":319,"column":41}}},"fnMap":{"0":{"name":"(anonymous_0)","decl":{"start":{"line":47,"column":26},"end":{"line":47,"column":27}},"loc":{"start":{"line":47,"column":36},"end":{"line":49,"column":5}}},"1":{"name":"(anonymous_1)","decl":{"start":{"line":50,"column":28},"end":{"line":50,"column":null}},"loc":{"start":{"line":53,"column":8},"end":{"line":57,"column":5}}},"2":{"name":"(anonymous_2)","decl":{"start":{"line":58,"column":28},"end":{"line":58,"column":29}},"loc":{"start":{"line":58,"column":69},"end":{"line":61,"column":5}}},"3":{"name":"(anonymous_3)","decl":{"start":{"line":62,"column":28},"end":{"line":62,"column":29}},"loc":{"start":{"line":62,"column":38},"end":{"line":64,"column":5}}},"4":{"name":"(anonymous_4)","decl":{"start":{"line":65,"column":30},"end":{"line":65,"column":31}},"loc":{"start":{"line":65,"column":40},"end":{"line":67,"column":5}}},"5":{"name":"(anonymous_5)","decl":{"start":{"line":68,"column":30},"end":{"line":68,"column":31}},"loc":{"start":{"line":68,"column":71},"end":{"line":71,"column":5}}},"6":{"name":"(anonymous_6)","decl":{"start":{"line":72,"column":30},"end":{"line":72,"column":31}},"loc":{"start":{"line":72,"column":40},"end":{"line":74,"column":5}}},"7":{"name":"(anonymous_7)","decl":{"start":{"line":75,"column":32},"end":{"line":75,"column":33}},"loc":{"start":{"line":75,"column":75},"end":{"line":78,"column":5}}},"8":{"name":"(anonymous_8)","decl":{"start":{"line":79,"column":32},"end":{"line":79,"column":33}},"loc":{"start":{"line":79,"column":73},"end":{"line":82,"column":5}}},"9":{"name":"(anonymous_9)","decl":{"start":{"line":83,"column":23},"end":{"line":83,"column":24}},"loc":{"start":{"line":83,"column":33},"end":{"line":88,"column":5}}},"10":{"name":"(anonymous_10)","decl":{"start":{"line":89,"column":31},"end":{"line":89,"column":32}},"loc":{"start":{"line":89,"column":72},"end":{"line":91,"column":5}}},"11":{"name":"(anonymous_11)","decl":{"start":{"line":92,"column":27},"end":{"line":92,"column":28}},"loc":{"start":{"line":92,"column":86},"end":{"line":94,"column":5}}},"12":{"name":"(anonymous_12)","decl":{"start":{"line":95,"column":38},"end":{"line":95,"column":39}},"loc":{"start":{"line":95,"column":48},"end":{"line":102,"column":5}}},"13":{"name":"(anonymous_13)","decl":{"start":{"line":129,"column":2},"end":{"line":129,"column":null}},"loc":{"start":{"line":132,"column":2},"end":{"line":158,"column":3}}},"14":{"name":"(anonymous_14)","decl":{"start":{"line":132,"column":2},"end":{"line":132,"column":7}},"loc":{"start":{"line":132,"column":31},"end":{"line":158,"column":3}}},"15":{"name":"(anonymous_15)","decl":{"start":{"line":161,"column":2},"end":{"line":161,"column":3}},"loc":{"start":{"line":162,"column":2},"end":{"line":190,"column":3}}},"16":{"name":"(anonymous_16)","decl":{"start":{"line":162,"column":2},"end":{"line":162,"column":7}},"loc":{"start":{"line":162,"column":31},"end":{"line":190,"column":3}}},"17":{"name":"(anonymous_17)","decl":{"start":{"line":193,"column":2},"end":{"line":193,"column":3}},"loc":{"start":{"line":194,"column":2},"end":{"line":232,"column":3}}},"18":{"name":"(anonymous_18)","decl":{"start":{"line":194,"column":2},"end":{"line":194,"column":7}},"loc":{"start":{"line":194,"column":31},"end":{"line":232,"column":3}}},"19":{"name":"(anonymous_19)","decl":{"start":{"line":208,"column":38},"end":{"line":208,"column":39}},"loc":{"start":{"line":208,"column":58},"end":{"line":211,"column":10}}},"20":{"name":"(anonymous_20)","decl":{"start":{"line":235,"column":34},"end":{"line":235,"column":35}},"loc":{"start":{"line":236,"column":2},"end":{"line":236,"column":28}}},"21":{"name":"(anonymous_21)","decl":{"start":{"line":237,"column":40},"end":{"line":237,"column":41}},"loc":{"start":{"line":238,"column":2},"end":{"line":238,"column":27}}},"22":{"name":"(anonymous_22)","decl":{"start":{"line":239,"column":39},"end":{"line":239,"column":40}},"loc":{"start":{"line":240,"column":2},"end":{"line":240,"column":26}}},"23":{"name":"(anonymous_23)","decl":{"start":{"line":242,"column":44},"end":{"line":242,"column":45}},"loc":{"start":{"line":243,"column":2},"end":{"line":243,"column":32}}},"24":{"name":"(anonymous_24)","decl":{"start":{"line":245,"column":40},"end":{"line":245,"column":41}},"loc":{"start":{"line":246,"column":2},"end":{"line":246,"column":28}}},"25":{"name":"(anonymous_25)","decl":{"start":{"line":251,"column":4},"end":{"line":251,"column":5}},"loc":{"start":{"line":251,"column":26},"end":{"line":251,"column":52}}},"26":{"name":"(anonymous_26)","decl":{"start":{"line":252,"column":4},"end":{"line":252,"column":5}},"loc":{"start":{"line":252,"column":26},"end":{"line":252,"column":56}}},"27":{"name":"(anonymous_27)","decl":{"start":{"line":253,"column":4},"end":{"line":253,"column":5}},"loc":{"start":{"line":253,"column":26},"end":{"line":253,"column":52}}},"28":{"name":"(anonymous_28)","decl":{"start":{"line":255,"column":2},"end":{"line":255,"column":3}},"loc":{"start":{"line":255,"column":36},"end":{"line":312,"column":3}}},"29":{"name":"(anonymous_29)","decl":{"start":{"line":264,"column":8},"end":{"line":264,"column":9}},"loc":{"start":{"line":265,"column":10},"end":{"line":266,"column":64}}},"30":{"name":"(anonymous_30)","decl":{"start":{"line":272,"column":33},"end":{"line":272,"column":34}},"loc":{"start":{"line":272,"column":45},"end":{"line":272,"column":83}}},"31":{"name":"(anonymous_31)","decl":{"start":{"line":276,"column":33},"end":{"line":276,"column":34}},"loc":{"start":{"line":276,"column":45},"end":{"line":276,"column":85}}},"32":{"name":"(anonymous_32)","decl":{"start":{"line":305,"column":33},"end":{"line":305,"column":34}},"loc":{"start":{"line":305,"column":44},"end":{"line":308,"column":7}}},"33":{"name":"(anonymous_33)","decl":{"start":{"line":315,"column":33},"end":{"line":315,"column":46}},"loc":{"start":{"line":315,"column":49},"end":{"line":317,"column":1}}},"34":{"name":"(anonymous_34)","decl":{"start":{"line":315,"column":49},"end":{"line":315,"column":54}},"loc":{"start":{"line":315,"column":68},"end":{"line":317,"column":1}}}},"branchMap":{"0":{"loc":{"start":{"line":134,"column":4},"end":{"line":137,"column":5}},"type":"if","locations":[{"start":{"line":134,"column":4},"end":{"line":137,"column":5}}]},"1":{"loc":{"start":{"line":134,"column":8},"end":{"line":134,"column":44}},"type":"binary-expr","locations":[{"start":{"line":134,"column":8},"end":{"line":134,"column":29}},{"start":{"line":134,"column":33},"end":{"line":134,"column":44}}]},"2":{"loc":{"start":{"line":143,"column":6},"end":{"line":154,"column":7}},"type":"if","locations":[{"start":{"line":143,"column":6},"end":{"line":154,"column":7}},{"start":{"line":150,"column":13},"end":{"line":154,"column":7}}]},"3":{"loc":{"start":{"line":152,"column":33},"end":{"line":152,"column":78}},"type":"binary-expr","locations":[{"start":{"line":152,"column":33},"end":{"line":152,"column":54}},{"start":{"line":152,"column":58},"end":{"line":152,"column":78}}]},"4":{"loc":{"start":{"line":164,"column":4},"end":{"line":167,"column":5}},"type":"if","locations":[{"start":{"line":164,"column":4},"end":{"line":167,"column":5}}]},"5":{"loc":{"start":{"line":164,"column":8},"end":{"line":164,"column":58}},"type":"binary-expr","locations":[{"start":{"line":164,"column":8},"end":{"line":164,"column":29}},{"start":{"line":164,"column":33},"end":{"line":164,"column":44}},{"start":{"line":164,"column":48},"end":{"line":164,"column":58}}]},"6":{"loc":{"start":{"line":177,"column":6},"end":{"line":186,"column":7}},"type":"if","locations":[{"start":{"line":177,"column":6},"end":{"line":186,"column":7}},{"start":{"line":180,"column":13},"end":{"line":186,"column":7}}]},"7":{"loc":{"start":{"line":183,"column":12},"end":{"line":183,"column":57}},"type":"binary-expr","locations":[{"start":{"line":183,"column":12},"end":{"line":183,"column":33}},{"start":{"line":183,"column":37},"end":{"line":183,"column":57}}]},"8":{"loc":{"start":{"line":196,"column":4},"end":{"line":199,"column":5}},"type":"if","locations":[{"start":{"line":196,"column":4},"end":{"line":199,"column":5}}]},"9":{"loc":{"start":{"line":196,"column":8},"end":{"line":196,"column":44}},"type":"binary-expr","locations":[{"start":{"line":196,"column":8},"end":{"line":196,"column":29}},{"start":{"line":196,"column":33},"end":{"line":196,"column":44}}]},"10":{"loc":{"start":{"line":220,"column":6},"end":{"line":226,"column":7}},"type":"if","locations":[{"start":{"line":220,"column":6},"end":{"line":226,"column":7}}]},"11":{"loc":{"start":{"line":224,"column":37},"end":{"line":224,"column":82}},"type":"binary-expr","locations":[{"start":{"line":224,"column":37},"end":{"line":224,"column":58}},{"start":{"line":224,"column":62},"end":{"line":224,"column":82}}]},"12":{"loc":{"start":{"line":256,"column":4},"end":{"line":256,"column":30}},"type":"if","locations":[{"start":{"line":256,"column":4},"end":{"line":256,"column":30}}]},"13":{"loc":{"start":{"line":261,"column":4},"end":{"line":268,"column":5}},"type":"if","locations":[{"start":{"line":261,"column":4},"end":{"line":268,"column":5}}]},"14":{"loc":{"start":{"line":265,"column":10},"end":{"line":266,"column":64}},"type":"binary-expr","locations":[{"start":{"line":265,"column":10},"end":{"line":265,"column":52}},{"start":{"line":266,"column":10},"end":{"line":266,"column":64}}]},"15":{"loc":{"start":{"line":271,"column":4},"end":{"line":273,"column":5}},"type":"if","locations":[{"start":{"line":271,"column":4},"end":{"line":273,"column":5}}]},"16":{"loc":{"start":{"line":271,"column":8},"end":{"line":271,"column":69}},"type":"binary-expr","locations":[{"start":{"line":271,"column":8},"end":{"line":271,"column":34}},{"start":{"line":271,"column":38},"end":{"line":271,"column":69}}]},"17":{"loc":{"start":{"line":275,"column":4},"end":{"line":277,"column":5}},"type":"if","locations":[{"start":{"line":275,"column":4},"end":{"line":277,"column":5}}]},"18":{"loc":{"start":{"line":275,"column":8},"end":{"line":275,"column":71}},"type":"binary-expr","locations":[{"start":{"line":275,"column":8},"end":{"line":275,"column":35}},{"start":{"line":275,"column":39},"end":{"line":275,"column":71}}]},"19":{"loc":{"start":{"line":279,"column":4},"end":{"line":309,"column":5}},"type":"if","locations":[{"start":{"line":279,"column":4},"end":{"line":309,"column":5}}]},"20":{"loc":{"start":{"line":279,"column":8},"end":{"line":279,"column":56}},"type":"binary-expr","locations":[{"start":{"line":279,"column":8},"end":{"line":279,"column":25}},{"start":{"line":279,"column":29},"end":{"line":279,"column":56}}]},"21":{"loc":{"start":{"line":285,"column":6},"end":{"line":303,"column":7}},"type":"switch","locations":[{"start":{"line":286,"column":8},"end":{"line":288,"column":16}},{"start":{"line":289,"column":8},"end":{"line":292,"column":16}},{"start":{"line":293,"column":8},"end":{"line":296,"column":16}},{"start":{"line":297,"column":8},"end":{"line":300,"column":16}},{"start":{"line":301,"column":8},"end":{"line":302,"column":35}}]}},"s":{"0":3,"1":3,"2":3,"3":3,"4":3,"5":3,"6":2,"7":4,"8":4,"9":4,"10":3,"11":3,"12":2,"13":2,"14":1,"15":1,"16":2,"17":2,"18":2,"19":1,"20":1,"21":0,"22":0,"23":0,"24":0,"25":2,"26":3,"27":1,"28":1,"29":3,"30":3,"31":0,"32":0,"33":0,"34":0,"35":0,"36":0,"37":0,"38":0,"39":0,"40":0,"41":0,"42":0,"43":0,"44":3,"45":3,"46":0,"47":0,"48":0,"49":0,"50":0,"51":0,"52":0,"53":0,"54":0,"55":0,"56":0,"57":0,"58":0,"59":3,"60":3,"61":0,"62":0,"63":0,"64":0,"65":0,"66":0,"67":0,"68":0,"69":0,"70":0,"71":0,"72":0,"73":0,"74":0,"75":0,"76":0,"77":3,"78":3,"79":0,"80":3,"81":3,"82":0,"83":3,"84":3,"85":0,"86":3,"87":3,"88":0,"89":3,"90":3,"91":0,"92":3,"93":3,"94":0,"95":0,"96":0,"97":0,"98":0,"99":0,"100":0,"101":0,"102":0,"103":0,"104":0,"105":0,"106":0,"107":0,"108":0,"109":0,"110":0,"111":0,"112":0,"113":0,"114":0,"115":0,"116":0,"117":0,"118":0,"119":0,"120":0,"121":0,"122":0,"123":0,"124":0,"125":0,"126":0,"127":0,"128":0,"129":0,"130":3,"131":0,"132":0,"133":3,"134":3},"f":{"0":2,"1":4,"2":3,"3":2,"4":2,"5":1,"6":2,"7":2,"8":1,"9":0,"10":2,"11":3,"12":1,"13":0,"14":0,"15":0,"16":0,"17":0,"18":0,"19":0,"20":0,"21":0,"22":0,"23":0,"24":0,"25":0,"26":0,"27":0,"28":0,"29":0,"30":0,"31":0,"32":0,"33":0,"34":0},"b":{"0":[0],"1":[0,0],"2":[0,0],"3":[0,0],"4":[0],"5":[0,0,0],"6":[0,0],"7":[0,0],"8":[0],"9":[0,0],"10":[0],"11":[0,0],"12":[0],"13":[0],"14":[0,0],"15":[0],"16":[0,0],"17":[0],"18":[0,0],"19":[0],"20":[0,0],"21":[0,0,0,0,0]}}
,"/Users/zdelcoco/prayerloop/prayerloop-mobile/store/groupUsersSlice.ts": {"path":"/Users/zdelcoco/prayerloop/prayerloop-mobile/store/groupUsersSlice.ts","statementMap":{"0":{"start":{"line":1,"column":0},"end":{"line":1,"column":78}},"1":{"start":{"line":5,"column":0},"end":{"line":5,"column":54}},"2":{"start":{"line":20,"column":38},"end":{"line":25,"column":2}},"3":{"start":{"line":27,"column":24},"end":{"line":53,"column":2}},"4":{"start":{"line":32,"column":6},"end":{"line":32,"column":31}},"5":{"start":{"line":38,"column":6},"end":{"line":38,"column":33}},"6":{"start":{"line":39,"column":6},"end":{"line":39,"column":41}},"7":{"start":{"line":40,"column":6},"end":{"line":40,"column":59}},"8":{"start":{"line":43,"column":6},"end":{"line":43,"column":30}},"9":{"start":{"line":44,"column":6},"end":{"line":44,"column":35}},"10":{"start":{"line":47,"column":6},"end":{"line":47,"column":28}},"11":{"start":{"line":48,"column":6},"end":{"line":48,"column":31}},"12":{"start":{"line":49,"column":6},"end":{"line":49,"column":25}},"13":{"start":{"line":50,"column":6},"end":{"line":50,"column":25}},"14":{"start":{"line":55,"column":13},"end":{"line":58,"column":null}},"15":{"start":{"line":69,"column":2},"end":{"line":99,"column":3}},"16":{"start":{"line":72,"column":2},"end":{"line":99,"column":3}},"17":{"start":{"line":73,"column":21},"end":{"line":73,"column":31}},"18":{"start":{"line":74,"column":4},"end":{"line":77,"column":5}},"19":{"start":{"line":75,"column":6},"end":{"line":75,"column":76}},"20":{"start":{"line":76,"column":6},"end":{"line":76,"column":13}},"21":{"start":{"line":78,"column":4},"end":{"line":78,"column":35}},"22":{"start":{"line":80,"column":4},"end":{"line":98,"column":5}},"23":{"start":{"line":81,"column":6},"end":{"line":81,"column":45}},"24":{"start":{"line":82,"column":21},"end":{"line":82,"column":68}},"25":{"start":{"line":83,"column":6},"end":{"line":83,"column":38}},"26":{"start":{"line":84,"column":6},"end":{"line":95,"column":7}},"27":{"start":{"line":85,"column":8},"end":{"line":90,"column":10}},"28":{"start":{"line":92,"column":8},"end":{"line":94,"column":10}},"29":{"start":{"line":97,"column":6},"end":{"line":97,"column":59}},"30":{"start":{"line":68,"column":13},"end":{"line":68,"column":null}},"31":{"start":{"line":101,"column":32},"end":{"line":102,"column":24}},"32":{"start":{"line":102,"column":2},"end":{"line":102,"column":24}},"33":{"start":{"line":101,"column":13},"end":{"line":101,"column":32}},"34":{"start":{"line":103,"column":38},"end":{"line":104,"column":25}},"35":{"start":{"line":104,"column":2},"end":{"line":104,"column":25}},"36":{"start":{"line":103,"column":13},"end":{"line":103,"column":38}},"37":{"start":{"line":105,"column":37},"end":{"line":106,"column":24}},"38":{"start":{"line":106,"column":2},"end":{"line":106,"column":24}},"39":{"start":{"line":105,"column":13},"end":{"line":105,"column":37}},"40":{"start":{"line":108,"column":31},"end":{"line":110,"column":1}},"41":{"start":{"line":108,"column":47},"end":{"line":110,"column":1}},"42":{"start":{"line":109,"column":2},"end":{"line":109,"column":54}},"43":{"start":{"line":108,"column":13},"end":{"line":108,"column":31}},"44":{"start":{"line":112,"column":0},"end":{"line":112,"column":39}}},"fnMap":{"0":{"name":"(anonymous_0)","decl":{"start":{"line":31,"column":24},"end":{"line":31,"column":25}},"loc":{"start":{"line":31,"column":34},"end":{"line":33,"column":5}}},"1":{"name":"(anonymous_1)","decl":{"start":{"line":34,"column":26},"end":{"line":34,"column":null}},"loc":{"start":{"line":37,"column":8},"end":{"line":41,"column":5}}},"2":{"name":"(anonymous_2)","decl":{"start":{"line":42,"column":26},"end":{"line":42,"column":27}},"loc":{"start":{"line":42,"column":67},"end":{"line":45,"column":5}}},"3":{"name":"(anonymous_3)","decl":{"start":{"line":46,"column":21},"end":{"line":46,"column":22}},"loc":{"start":{"line":46,"column":31},"end":{"line":51,"column":5}}},"4":{"name":"(anonymous_4)","decl":{"start":{"line":69,"column":2},"end":{"line":69,"column":null}},"loc":{"start":{"line":72,"column":2},"end":{"line":99,"column":3}}},"5":{"name":"(anonymous_5)","decl":{"start":{"line":72,"column":2},"end":{"line":72,"column":7}},"loc":{"start":{"line":72,"column":31},"end":{"line":99,"column":3}}},"6":{"name":"(anonymous_6)","decl":{"start":{"line":101,"column":32},"end":{"line":101,"column":33}},"loc":{"start":{"line":102,"column":2},"end":{"line":102,"column":24}}},"7":{"name":"(anonymous_7)","decl":{"start":{"line":103,"column":38},"end":{"line":103,"column":39}},"loc":{"start":{"line":104,"column":2},"end":{"line":104,"column":25}}},"8":{"name":"(anonymous_8)","decl":{"start":{"line":105,"column":37},"end":{"line":105,"column":38}},"loc":{"start":{"line":106,"column":2},"end":{"line":106,"column":24}}},"9":{"name":"(anonymous_9)","decl":{"start":{"line":108,"column":31},"end":{"line":108,"column":44}},"loc":{"start":{"line":108,"column":47},"end":{"line":110,"column":1}}},"10":{"name":"(anonymous_10)","decl":{"start":{"line":108,"column":47},"end":{"line":108,"column":52}},"loc":{"start":{"line":108,"column":66},"end":{"line":110,"column":1}}}},"branchMap":{"0":{"loc":{"start":{"line":74,"column":4},"end":{"line":77,"column":5}},"type":"if","locations":[{"start":{"line":74,"column":4},"end":{"line":77,"column":5}}]},"1":{"loc":{"start":{"line":74,"column":8},"end":{"line":74,"column":44}},"type":"binary-expr","locations":[{"start":{"line":74,"column":8},"end":{"line":74,"column":29}},{"start":{"line":74,"column":33},"end":{"line":74,"column":44}}]},"2":{"loc":{"start":{"line":84,"column":6},"end":{"line":95,"column":7}},"type":"if","locations":[{"start":{"line":84,"column":6},"end":{"line":95,"column":7}},{"start":{"line":91,"column":13},"end":{"line":95,"column":7}}]},"3":{"loc":{"start":{"line":93,"column":31},"end":{"line":93,"column":76}},"type":"binary-expr","locations":[{"start":{"line":93,"column":31},"end":{"line":93,"column":52}},{"start":{"line":93,"column":56},"end":{"line":93,"column":76}}]}},"s":{"0":0,"1":0,"2":0,"3":0,"4":0,"5":0,"6":0,"7":0,"8":0,"9":0,"10":0,"11":0,"12":0,"13":0,"14":0,"15":0,"16":0,"17":0,"18":0,"19":0,"20":0,"21":0,"22":0,"23":0,"24":0,"25":0,"26":0,"27":0,"28":0,"29":0,"30":0,"31":0,"32":0,"33":0,"34":0,"35":0,"36":0,"37":0,"38":0,"39":0,"40":0,"41":0,"42":0,"43":0,"44":0},"f":{"0":0,"1":0,"2":0,"3":0,"4":0,"5":0,"6":0,"7":0,"8":0,"9":0,"10":0},"b":{"0":[0],"1":[0,0],"2":[0,0],"3":[0,0]}}
,"/Users/zdelcoco/prayerloop/prayerloop-mobile/store/groupsSlice.ts": {"path":"/Users/zdelcoco/prayerloop/prayerloop-mobile/store/groupsSlice.ts","statementMap":{"0":{"start":{"line":1,"column":0},"end":{"line":1,"column":78}},"1":{"start":{"line":4,"column":0},"end":{"line":4,"column":53}},"2":{"start":{"line":5,"column":0},"end":{"line":5,"column":49}},"3":{"start":{"line":7,"column":0},"end":{"line":7,"column":47}},"4":{"start":{"line":8,"column":0},"end":{"line":8,"column":49}},"5":{"start":{"line":9,"column":0},"end":{"line":9,"column":83}},"6":{"start":{"line":12,"column":0},"end":{"line":12,"column":56}},"7":{"start":{"line":26,"column":38},"end":{"line":34,"column":2}},"8":{"start":{"line":36,"column":24},"end":{"line":122,"column":2}},"9":{"start":{"line":41,"column":6},"end":{"line":41,"column":31}},"10":{"start":{"line":44,"column":6},"end":{"line":44,"column":33}},"11":{"start":{"line":45,"column":6},"end":{"line":45,"column":36}},"12":{"start":{"line":48,"column":6},"end":{"line":48,"column":30}},"13":{"start":{"line":49,"column":6},"end":{"line":49,"column":35}},"14":{"start":{"line":52,"column":6},"end":{"line":52,"column":32}},"15":{"start":{"line":55,"column":6},"end":{"line":55,"column":33}},"16":{"start":{"line":58,"column":6},"end":{"line":58,"column":30}},"17":{"start":{"line":59,"column":6},"end":{"line":59,"column":35}},"18":{"start":{"line":62,"column":6},"end":{"line":62,"column":28}},"19":{"start":{"line":63,"column":6},"end":{"line":63,"column":26}},"20":{"start":{"line":64,"column":6},"end":{"line":64,"column":25}},"21":{"start":{"line":67,"column":6},"end":{"line":67,"column":31}},"22":{"start":{"line":70,"column":6},"end":{"line":70,"column":33}},"23":{"start":{"line":72,"column":6},"end":{"line":76,"column":7}},"24":{"start":{"line":73,"column":8},"end":{"line":75,"column":10}},"25":{"start":{"line":74,"column":21},"end":{"line":74,"column":53}},"26":{"start":{"line":79,"column":6},"end":{"line":79,"column":30}},"27":{"start":{"line":80,"column":6},"end":{"line":80,"column":35}},"28":{"start":{"line":83,"column":6},"end":{"line":83,"column":31}},"29":{"start":{"line":86,"column":6},"end":{"line":86,"column":33}},"30":{"start":{"line":88,"column":6},"end":{"line":92,"column":7}},"31":{"start":{"line":89,"column":8},"end":{"line":91,"column":10}},"32":{"start":{"line":90,"column":21},"end":{"line":90,"column":53}},"33":{"start":{"line":95,"column":6},"end":{"line":95,"column":30}},"34":{"start":{"line":96,"column":6},"end":{"line":96,"column":35}},"35":{"start":{"line":99,"column":6},"end":{"line":99,"column":34}},"36":{"start":{"line":102,"column":6},"end":{"line":102,"column":33}},"37":{"start":{"line":103,"column":6},"end":{"line":103,"column":36}},"38":{"start":{"line":106,"column":6},"end":{"line":106,"column":30}},"39":{"start":{"line":107,"column":6},"end":{"line":107,"column":35}},"40":{"start":{"line":110,"column":6},"end":{"line":110,"column":41}},"41":{"start":{"line":113,"column":6},"end":{"line":113,"column":37}},"42":{"start":{"line":116,"column":6},"end":{"line":116,"column":29}},"43":{"start":{"line":117,"column":6},"end":{"line":119,"column":8}},"44":{"start":{"line":124,"column":13},"end":{"line":142,"column":null}},"45":{"start":{"line":153,"column":32},"end":{"line":153,"column":77}},"46":{"start":{"line":153,"column":54},"end":{"line":153,"column":77}},"47":{"start":{"line":153,"column":13},"end":{"line":153,"column":32}},"48":{"start":{"line":155,"column":38},"end":{"line":156,"column":25}},"49":{"start":{"line":156,"column":2},"end":{"line":156,"column":25}},"50":{"start":{"line":155,"column":13},"end":{"line":155,"column":38}},"51":{"start":{"line":158,"column":37},"end":{"line":159,"column":24}},"52":{"start":{"line":159,"column":2},"end":{"line":159,"column":24}},"53":{"start":{"line":158,"column":13},"end":{"line":158,"column":37}},"54":{"start":{"line":161,"column":38},"end":{"line":161,"column":88}},"55":{"start":{"line":161,"column":60},"end":{"line":161,"column":88}},"56":{"start":{"line":161,"column":13},"end":{"line":161,"column":38}},"57":{"start":{"line":163,"column":34},"end":{"line":163,"column":80}},"58":{"start":{"line":163,"column":56},"end":{"line":163,"column":80}},"59":{"start":{"line":163,"column":13},"end":{"line":163,"column":34}},"60":{"start":{"line":166,"column":13},"end":{"line":222,"column":2}},"61":{"start":{"line":168,"column":26},"end":{"line":168,"column":49}},"62":{"start":{"line":169,"column":26},"end":{"line":169,"column":54}},"63":{"start":{"line":170,"column":26},"end":{"line":170,"column":50}},"64":{"start":{"line":173,"column":4},"end":{"line":173,"column":29}},"65":{"start":{"line":173,"column":17},"end":{"line":173,"column":29}},"66":{"start":{"line":175,"column":19},"end":{"line":175,"column":30}},"67":{"start":{"line":178,"column":4},"end":{"line":185,"column":5}},"68":{"start":{"line":179,"column":20},"end":{"line":179,"column":45}},"69":{"start":{"line":180,"column":6},"end":{"line":184,"column":8}},"70":{"start":{"line":182,"column":10},"end":{"line":183,"column":62}},"71":{"start":{"line":188,"column":4},"end":{"line":218,"column":5}},"72":{"start":{"line":189,"column":18},"end":{"line":189,"column":28}},"73":{"start":{"line":190,"column":25},"end":{"line":190,"column":83}},"74":{"start":{"line":194,"column":6},"end":{"line":212,"column":7}},"75":{"start":{"line":196,"column":10},"end":{"line":196,"column":34}},"76":{"start":{"line":197,"column":10},"end":{"line":197,"column":16}},"77":{"start":{"line":199,"column":10},"end":{"line":199,"column":44}},"78":{"start":{"line":200,"column":10},"end":{"line":200,"column":55}},"79":{"start":{"line":201,"column":10},"end":{"line":201,"column":16}},"80":{"start":{"line":203,"column":10},"end":{"line":203,"column":44}},"81":{"start":{"line":204,"column":10},"end":{"line":204,"column":57}},"82":{"start":{"line":205,"column":10},"end":{"line":205,"column":16}},"83":{"start":{"line":207,"column":10},"end":{"line":207,"column":44}},"84":{"start":{"line":208,"column":10},"end":{"line":208,"column":63}},"85":{"start":{"line":209,"column":10},"end":{"line":209,"column":16}},"86":{"start":{"line":211,"column":10},"end":{"line":211,"column":35}},"87":{"start":{"line":214,"column":6},"end":{"line":217,"column":9}},"88":{"start":{"line":215,"column":28},"end":{"line":215,"column":58}},"89":{"start":{"line":216,"column":8},"end":{"line":216,"column":41}},"90":{"start":{"line":220,"column":4},"end":{"line":220,"column":20}},"91":{"start":{"line":224,"column":31},"end":{"line":246,"column":1}},"92":{"start":{"line":224,"column":47},"end":{"line":246,"column":1}},"93":{"start":{"line":225,"column":19},"end":{"line":225,"column":29}},"94":{"start":{"line":226,"column":2},"end":{"line":229,"column":3}},"95":{"start":{"line":227,"column":4},"end":{"line":227,"column":74}},"96":{"start":{"line":228,"column":4},"end":{"line":228,"column":11}},"97":{"start":{"line":231,"column":2},"end":{"line":231,"column":32}},"98":{"start":{"line":232,"column":2},"end":{"line":232,"column":33}},"99":{"start":{"line":234,"column":2},"end":{"line":245,"column":3}},"100":{"start":{"line":235,"column":19},"end":{"line":235,"column":75}},"101":{"start":{"line":236,"column":4},"end":{"line":242,"column":5}},"102":{"start":{"line":237,"column":6},"end":{"line":237,"column":50}},"103":{"start":{"line":239,"column":6},"end":{"line":241,"column":8}},"104":{"start":{"line":244,"column":4},"end":{"line":244,"column":57}},"105":{"start":{"line":224,"column":13},"end":{"line":224,"column":31}},"106":{"start":{"line":249,"column":2},"end":{"line":275,"column":3}},"107":{"start":{"line":250,"column":2},"end":{"line":275,"column":3}},"108":{"start":{"line":251,"column":21},"end":{"line":251,"column":31}},"109":{"start":{"line":252,"column":4},"end":{"line":255,"column":5}},"110":{"start":{"line":253,"column":6},"end":{"line":253,"column":61}},"111":{"start":{"line":254,"column":6},"end":{"line":254,"column":13}},"112":{"start":{"line":257,"column":4},"end":{"line":257,"column":33}},"113":{"start":{"line":259,"column":4},"end":{"line":274,"column":5}},"114":{"start":{"line":260,"column":21},"end":{"line":262,"column":null}},"115":{"start":{"line":264,"column":6},"end":{"line":271,"column":7}},"116":{"start":{"line":265,"column":8},"end":{"line":265,"column":39}},"117":{"start":{"line":266,"column":8},"end":{"line":266,"column":36}},"118":{"start":{"line":268,"column":8},"end":{"line":270,"column":10}},"119":{"start":{"line":273,"column":6},"end":{"line":273,"column":57}},"120":{"start":{"line":248,"column":13},"end":{"line":248,"column":null}},"121":{"start":{"line":277,"column":31},"end":{"line":279,"column":1}},"122":{"start":{"line":277,"column":47},"end":{"line":279,"column":1}},"123":{"start":{"line":278,"column":2},"end":{"line":278,"column":54}},"124":{"start":{"line":277,"column":13},"end":{"line":277,"column":31}},"125":{"start":{"line":282,"column":2},"end":{"line":317,"column":3}},"126":{"start":{"line":283,"column":2},"end":{"line":317,"column":3}},"127":{"start":{"line":284,"column":21},"end":{"line":284,"column":31}},"128":{"start":{"line":285,"column":4},"end":{"line":288,"column":5}},"129":{"start":{"line":286,"column":6},"end":{"line":286,"column":60}},"130":{"start":{"line":287,"column":6},"end":{"line":287,"column":65}},"131":{"start":{"line":291,"column":25},"end":{"line":291,"column":58}},"132":{"start":{"line":293,"column":4},"end":{"line":293,"column":32}},"133":{"start":{"line":295,"column":4},"end":{"line":316,"column":5}},"134":{"start":{"line":296,"column":21},"end":{"line":299,"column":null}},"135":{"start":{"line":301,"column":6},"end":{"line":312,"column":7}},"136":{"start":{"line":303,"column":8},"end":{"line":305,"column":9}},"137":{"start":{"line":304,"column":10},"end":{"line":304,"column":47}},"138":{"start":{"line":306,"column":8},"end":{"line":306,"column":33}},"139":{"start":{"line":308,"column":8},"end":{"line":310,"column":10}},"140":{"start":{"line":311,"column":8},"end":{"line":311,"column":64}},"141":{"start":{"line":314,"column":6},"end":{"line":314,"column":56}},"142":{"start":{"line":315,"column":6},"end":{"line":315,"column":61}},"143":{"start":{"line":281,"column":13},"end":{"line":281,"column":null}},"144":{"start":{"line":320,"column":2},"end":{"line":347,"column":3}},"145":{"start":{"line":321,"column":2},"end":{"line":347,"column":3}},"146":{"start":{"line":322,"column":21},"end":{"line":322,"column":31}},"147":{"start":{"line":323,"column":4},"end":{"line":326,"column":5}},"148":{"start":{"line":324,"column":6},"end":{"line":324,"column":61}},"149":{"start":{"line":325,"column":6},"end":{"line":325,"column":65}},"150":{"start":{"line":328,"column":4},"end":{"line":328,"column":33}},"151":{"start":{"line":330,"column":4},"end":{"line":346,"column":5}},"152":{"start":{"line":331,"column":21},"end":{"line":331,"column":59}},"153":{"start":{"line":332,"column":6},"end":{"line":342,"column":7}},"154":{"start":{"line":333,"column":8},"end":{"line":333,"column":46}},"155":{"start":{"line":335,"column":8},"end":{"line":335,"column":38}},"156":{"start":{"line":336,"column":8},"end":{"line":336,"column":33}},"157":{"start":{"line":338,"column":8},"end":{"line":340,"column":10}},"158":{"start":{"line":341,"column":8},"end":{"line":341,"column":64}},"159":{"start":{"line":344,"column":6},"end":{"line":344,"column":57}},"160":{"start":{"line":345,"column":6},"end":{"line":345,"column":61}},"161":{"start":{"line":319,"column":13},"end":{"line":319,"column":null}},"162":{"start":{"line":350,"column":2},"end":{"line":389,"column":3}},"163":{"start":{"line":351,"column":2},"end":{"line":389,"column":3}},"164":{"start":{"line":352,"column":21},"end":{"line":352,"column":31}},"165":{"start":{"line":353,"column":4},"end":{"line":356,"column":5}},"166":{"start":{"line":354,"column":6},"end":{"line":354,"column":67}},"167":{"start":{"line":355,"column":6},"end":{"line":355,"column":13}},"168":{"start":{"line":358,"column":4},"end":{"line":358,"column":39}},"169":{"start":{"line":361,"column":4},"end":{"line":361,"column":56}},"170":{"start":{"line":363,"column":4},"end":{"line":388,"column":5}},"171":{"start":{"line":364,"column":48},"end":{"line":369,"column":8}},"172":{"start":{"line":365,"column":55},"end":{"line":368,"column":10}},"173":{"start":{"line":371,"column":21},"end":{"line":374,"column":null}},"174":{"start":{"line":377,"column":6},"end":{"line":383,"column":7}},"175":{"start":{"line":379,"column":8},"end":{"line":379,"column":36}},"176":{"start":{"line":380,"column":8},"end":{"line":382,"column":10}},"177":{"start":{"line":386,"column":6},"end":{"line":386,"column":34}},"178":{"start":{"line":387,"column":6},"end":{"line":387,"column":63}},"179":{"start":{"line":349,"column":13},"end":{"line":349,"column":null}},"180":{"start":{"line":391,"column":0},"end":{"line":391,"column":39}}},"fnMap":{"0":{"name":"(anonymous_0)","decl":{"start":{"line":40,"column":24},"end":{"line":40,"column":25}},"loc":{"start":{"line":40,"column":34},"end":{"line":42,"column":5}}},"1":{"name":"(anonymous_1)","decl":{"start":{"line":43,"column":26},"end":{"line":43,"column":27}},"loc":{"start":{"line":43,"column":68},"end":{"line":46,"column":5}}},"2":{"name":"(anonymous_2)","decl":{"start":{"line":47,"column":26},"end":{"line":47,"column":27}},"loc":{"start":{"line":47,"column":67},"end":{"line":50,"column":5}}},"3":{"name":"(anonymous_3)","decl":{"start":{"line":51,"column":22},"end":{"line":51,"column":23}},"loc":{"start":{"line":51,"column":32},"end":{"line":53,"column":5}}},"4":{"name":"(anonymous_4)","decl":{"start":{"line":54,"column":24},"end":{"line":54,"column":25}},"loc":{"start":{"line":54,"column":34},"end":{"line":56,"column":5}}},"5":{"name":"(anonymous_5)","decl":{"start":{"line":57,"column":24},"end":{"line":57,"column":25}},"loc":{"start":{"line":57,"column":65},"end":{"line":60,"column":5}}},"6":{"name":"(anonymous_6)","decl":{"start":{"line":61,"column":21},"end":{"line":61,"column":22}},"loc":{"start":{"line":61,"column":31},"end":{"line":65,"column":5}}},"7":{"name":"(anonymous_7)","decl":{"start":{"line":66,"column":21},"end":{"line":66,"column":22}},"loc":{"start":{"line":66,"column":31},"end":{"line":68,"column":5}}},"8":{"name":"(anonymous_8)","decl":{"start":{"line":69,"column":23},"end":{"line":69,"column":24}},"loc":{"start":{"line":69,"column":64},"end":{"line":77,"column":5}}},"9":{"name":"(anonymous_9)","decl":{"start":{"line":74,"column":10},"end":{"line":74,"column":11}},"loc":{"start":{"line":74,"column":21},"end":{"line":74,"column":53}}},"10":{"name":"(anonymous_10)","decl":{"start":{"line":78,"column":23},"end":{"line":78,"column":24}},"loc":{"start":{"line":78,"column":64},"end":{"line":81,"column":5}}},"11":{"name":"(anonymous_11)","decl":{"start":{"line":82,"column":22},"end":{"line":82,"column":23}},"loc":{"start":{"line":82,"column":32},"end":{"line":84,"column":5}}},"12":{"name":"(anonymous_12)","decl":{"start":{"line":85,"column":24},"end":{"line":85,"column":25}},"loc":{"start":{"line":85,"column":65},"end":{"line":93,"column":5}}},"13":{"name":"(anonymous_13)","decl":{"start":{"line":90,"column":10},"end":{"line":90,"column":11}},"loc":{"start":{"line":90,"column":21},"end":{"line":90,"column":53}}},"14":{"name":"(anonymous_14)","decl":{"start":{"line":94,"column":24},"end":{"line":94,"column":25}},"loc":{"start":{"line":94,"column":65},"end":{"line":97,"column":5}}},"15":{"name":"(anonymous_15)","decl":{"start":{"line":98,"column":28},"end":{"line":98,"column":29}},"loc":{"start":{"line":98,"column":38},"end":{"line":100,"column":5}}},"16":{"name":"(anonymous_16)","decl":{"start":{"line":101,"column":30},"end":{"line":101,"column":31}},"loc":{"start":{"line":101,"column":72},"end":{"line":104,"column":5}}},"17":{"name":"(anonymous_17)","decl":{"start":{"line":105,"column":30},"end":{"line":105,"column":31}},"loc":{"start":{"line":105,"column":71},"end":{"line":108,"column":5}}},"18":{"name":"(anonymous_18)","decl":{"start":{"line":109,"column":25},"end":{"line":109,"column":26}},"loc":{"start":{"line":109,"column":66},"end":{"line":111,"column":5}}},"19":{"name":"(anonymous_19)","decl":{"start":{"line":112,"column":21},"end":{"line":112,"column":22}},"loc":{"start":{"line":112,"column":74},"end":{"line":114,"column":5}}},"20":{"name":"(anonymous_20)","decl":{"start":{"line":115,"column":32},"end":{"line":115,"column":33}},"loc":{"start":{"line":115,"column":42},"end":{"line":120,"column":5}}},"21":{"name":"(anonymous_21)","decl":{"start":{"line":153,"column":32},"end":{"line":153,"column":33}},"loc":{"start":{"line":153,"column":54},"end":{"line":153,"column":77}}},"22":{"name":"(anonymous_22)","decl":{"start":{"line":155,"column":38},"end":{"line":155,"column":39}},"loc":{"start":{"line":156,"column":2},"end":{"line":156,"column":25}}},"23":{"name":"(anonymous_23)","decl":{"start":{"line":158,"column":37},"end":{"line":158,"column":38}},"loc":{"start":{"line":159,"column":2},"end":{"line":159,"column":24}}},"24":{"name":"(anonymous_24)","decl":{"start":{"line":161,"column":38},"end":{"line":161,"column":39}},"loc":{"start":{"line":161,"column":60},"end":{"line":161,"column":88}}},"25":{"name":"(anonymous_25)","decl":{"start":{"line":163,"column":34},"end":{"line":163,"column":35}},"loc":{"start":{"line":163,"column":56},"end":{"line":163,"column":80}}},"26":{"name":"(anonymous_26)","decl":{"start":{"line":168,"column":4},"end":{"line":168,"column":5}},"loc":{"start":{"line":168,"column":26},"end":{"line":168,"column":49}}},"27":{"name":"(anonymous_27)","decl":{"start":{"line":169,"column":4},"end":{"line":169,"column":5}},"loc":{"start":{"line":169,"column":26},"end":{"line":169,"column":54}}},"28":{"name":"(anonymous_28)","decl":{"start":{"line":170,"column":4},"end":{"line":170,"column":5}},"loc":{"start":{"line":170,"column":26},"end":{"line":170,"column":50}}},"29":{"name":"(anonymous_29)","decl":{"start":{"line":172,"column":2},"end":{"line":172,"column":3}},"loc":{"start":{"line":172,"column":35},"end":{"line":221,"column":3}}},"30":{"name":"(anonymous_30)","decl":{"start":{"line":181,"column":8},"end":{"line":181,"column":9}},"loc":{"start":{"line":182,"column":10},"end":{"line":183,"column":62}}},"31":{"name":"(anonymous_31)","decl":{"start":{"line":214,"column":33},"end":{"line":214,"column":34}},"loc":{"start":{"line":214,"column":43},"end":{"line":217,"column":7}}},"32":{"name":"(anonymous_32)","decl":{"start":{"line":224,"column":31},"end":{"line":224,"column":44}},"loc":{"start":{"line":224,"column":47},"end":{"line":246,"column":1}}},"33":{"name":"(anonymous_33)","decl":{"start":{"line":224,"column":47},"end":{"line":224,"column":52}},"loc":{"start":{"line":224,"column":76},"end":{"line":246,"column":1}}},"34":{"name":"(anonymous_34)","decl":{"start":{"line":249,"column":2},"end":{"line":249,"column":3}},"loc":{"start":{"line":250,"column":2},"end":{"line":275,"column":3}}},"35":{"name":"(anonymous_35)","decl":{"start":{"line":250,"column":2},"end":{"line":250,"column":7}},"loc":{"start":{"line":250,"column":31},"end":{"line":275,"column":3}}},"36":{"name":"(anonymous_36)","decl":{"start":{"line":277,"column":31},"end":{"line":277,"column":44}},"loc":{"start":{"line":277,"column":47},"end":{"line":279,"column":1}}},"37":{"name":"(anonymous_37)","decl":{"start":{"line":277,"column":47},"end":{"line":277,"column":52}},"loc":{"start":{"line":277,"column":66},"end":{"line":279,"column":1}}},"38":{"name":"(anonymous_38)","decl":{"start":{"line":282,"column":2},"end":{"line":282,"column":3}},"loc":{"start":{"line":283,"column":2},"end":{"line":317,"column":3}}},"39":{"name":"(anonymous_39)","decl":{"start":{"line":283,"column":2},"end":{"line":283,"column":7}},"loc":{"start":{"line":283,"column":31},"end":{"line":317,"column":3}}},"40":{"name":"(anonymous_40)","decl":{"start":{"line":320,"column":2},"end":{"line":320,"column":3}},"loc":{"start":{"line":321,"column":2},"end":{"line":347,"column":3}}},"41":{"name":"(anonymous_41)","decl":{"start":{"line":321,"column":2},"end":{"line":321,"column":7}},"loc":{"start":{"line":321,"column":31},"end":{"line":347,"column":3}}},"42":{"name":"(anonymous_42)","decl":{"start":{"line":350,"column":2},"end":{"line":350,"column":3}},"loc":{"start":{"line":351,"column":2},"end":{"line":389,"column":3}}},"43":{"name":"(anonymous_43)","decl":{"start":{"line":351,"column":2},"end":{"line":351,"column":7}},"loc":{"start":{"line":351,"column":31},"end":{"line":389,"column":3}}},"44":{"name":"(anonymous_44)","decl":{"start":{"line":365,"column":36},"end":{"line":365,"column":37}},"loc":{"start":{"line":365,"column":55},"end":{"line":368,"column":10}}}},"branchMap":{"0":{"loc":{"start":{"line":72,"column":6},"end":{"line":76,"column":7}},"type":"if","locations":[{"start":{"line":72,"column":6},"end":{"line":76,"column":7}}]},"1":{"loc":{"start":{"line":88,"column":6},"end":{"line":92,"column":7}},"type":"if","locations":[{"start":{"line":88,"column":6},"end":{"line":92,"column":7}}]},"2":{"loc":{"start":{"line":173,"column":4},"end":{"line":173,"column":29}},"type":"if","locations":[{"start":{"line":173,"column":4},"end":{"line":173,"column":29}}]},"3":{"loc":{"start":{"line":178,"column":4},"end":{"line":185,"column":5}},"type":"if","locations":[{"start":{"line":178,"column":4},"end":{"line":185,"column":5}}]},"4":{"loc":{"start":{"line":182,"column":10},"end":{"line":183,"column":62}},"type":"binary-expr","locations":[{"start":{"line":182,"column":10},"end":{"line":182,"column":55}},{"start":{"line":183,"column":10},"end":{"line":183,"column":62}}]},"5":{"loc":{"start":{"line":188,"column":4},"end":{"line":218,"column":5}},"type":"if","locations":[{"start":{"line":188,"column":4},"end":{"line":218,"column":5}}]},"6":{"loc":{"start":{"line":188,"column":8},"end":{"line":188,"column":56}},"type":"binary-expr","locations":[{"start":{"line":188,"column":8},"end":{"line":188,"column":25}},{"start":{"line":188,"column":29},"end":{"line":188,"column":56}}]},"7":{"loc":{"start":{"line":194,"column":6},"end":{"line":212,"column":7}},"type":"switch","locations":[{"start":{"line":195,"column":8},"end":{"line":197,"column":16}},{"start":{"line":198,"column":8},"end":{"line":201,"column":16}},{"start":{"line":202,"column":8},"end":{"line":205,"column":16}},{"start":{"line":206,"column":8},"end":{"line":209,"column":16}},{"start":{"line":210,"column":8},"end":{"line":211,"column":35}}]},"8":{"loc":{"start":{"line":226,"column":2},"end":{"line":229,"column":3}},"type":"if","locations":[{"start":{"line":226,"column":2},"end":{"line":229,"column":3}}]},"9":{"loc":{"start":{"line":226,"column":6},"end":{"line":226,"column":56}},"type":"binary-expr","locations":[{"start":{"line":226,"column":6},"end":{"line":226,"column":27}},{"start":{"line":226,"column":31},"end":{"line":226,"column":42}},{"start":{"line":226,"column":46},"end":{"line":226,"column":56}}]},"10":{"loc":{"start":{"line":236,"column":4},"end":{"line":242,"column":5}},"type":"if","locations":[{"start":{"line":236,"column":4},"end":{"line":242,"column":5}},{"start":{"line":238,"column":11},"end":{"line":242,"column":5}}]},"11":{"loc":{"start":{"line":240,"column":29},"end":{"line":240,"column":74}},"type":"binary-expr","locations":[{"start":{"line":240,"column":29},"end":{"line":240,"column":50}},{"start":{"line":240,"column":54},"end":{"line":240,"column":74}}]},"12":{"loc":{"start":{"line":252,"column":4},"end":{"line":255,"column":5}},"type":"if","locations":[{"start":{"line":252,"column":4},"end":{"line":255,"column":5}}]},"13":{"loc":{"start":{"line":252,"column":8},"end":{"line":252,"column":58}},"type":"binary-expr","locations":[{"start":{"line":252,"column":8},"end":{"line":252,"column":29}},{"start":{"line":252,"column":33},"end":{"line":252,"column":44}},{"start":{"line":252,"column":48},"end":{"line":252,"column":58}}]},"14":{"loc":{"start":{"line":264,"column":6},"end":{"line":271,"column":7}},"type":"if","locations":[{"start":{"line":264,"column":6},"end":{"line":271,"column":7}},{"start":{"line":267,"column":13},"end":{"line":271,"column":7}}]},"15":{"loc":{"start":{"line":269,"column":29},"end":{"line":269,"column":74}},"type":"binary-expr","locations":[{"start":{"line":269,"column":29},"end":{"line":269,"column":50}},{"start":{"line":269,"column":54},"end":{"line":269,"column":74}}]},"16":{"loc":{"start":{"line":285,"column":4},"end":{"line":288,"column":5}},"type":"if","locations":[{"start":{"line":285,"column":4},"end":{"line":288,"column":5}}]},"17":{"loc":{"start":{"line":285,"column":8},"end":{"line":285,"column":58}},"type":"binary-expr","locations":[{"start":{"line":285,"column":8},"end":{"line":285,"column":29}},{"start":{"line":285,"column":33},"end":{"line":285,"column":44}},{"start":{"line":285,"column":48},"end":{"line":285,"column":58}}]},"18":{"loc":{"start":{"line":291,"column":25},"end":{"line":291,"column":58}},"type":"binary-expr","locations":[{"start":{"line":291,"column":25},"end":{"line":291,"column":31}},{"start":{"line":291,"column":35},"end":{"line":291,"column":58}}]},"19":{"loc":{"start":{"line":301,"column":6},"end":{"line":312,"column":7}},"type":"if","locations":[{"start":{"line":301,"column":6},"end":{"line":312,"column":7}},{"start":{"line":307,"column":13},"end":{"line":312,"column":7}}]},"20":{"loc":{"start":{"line":303,"column":8},"end":{"line":305,"column":9}},"type":"if","locations":[{"start":{"line":303,"column":8},"end":{"line":305,"column":9}}]},"21":{"loc":{"start":{"line":309,"column":28},"end":{"line":309,"column":73}},"type":"binary-expr","locations":[{"start":{"line":309,"column":28},"end":{"line":309,"column":49}},{"start":{"line":309,"column":53},"end":{"line":309,"column":73}}]},"22":{"loc":{"start":{"line":323,"column":4},"end":{"line":326,"column":5}},"type":"if","locations":[{"start":{"line":323,"column":4},"end":{"line":326,"column":5}}]},"23":{"loc":{"start":{"line":323,"column":8},"end":{"line":323,"column":58}},"type":"binary-expr","locations":[{"start":{"line":323,"column":8},"end":{"line":323,"column":29}},{"start":{"line":323,"column":33},"end":{"line":323,"column":44}},{"start":{"line":323,"column":48},"end":{"line":323,"column":58}}]},"24":{"loc":{"start":{"line":332,"column":6},"end":{"line":342,"column":7}},"type":"if","locations":[{"start":{"line":332,"column":6},"end":{"line":342,"column":7}},{"start":{"line":337,"column":13},"end":{"line":342,"column":7}}]},"25":{"loc":{"start":{"line":339,"column":29},"end":{"line":339,"column":74}},"type":"binary-expr","locations":[{"start":{"line":339,"column":29},"end":{"line":339,"column":50}},{"start":{"line":339,"column":54},"end":{"line":339,"column":74}}]},"26":{"loc":{"start":{"line":353,"column":4},"end":{"line":356,"column":5}},"type":"if","locations":[{"start":{"line":353,"column":4},"end":{"line":356,"column":5}}]},"27":{"loc":{"start":{"line":353,"column":8},"end":{"line":353,"column":58}},"type":"binary-expr","locations":[{"start":{"line":353,"column":8},"end":{"line":353,"column":29}},{"start":{"line":353,"column":33},"end":{"line":353,"column":44}},{"start":{"line":353,"column":48},"end":{"line":353,"column":58}}]},"28":{"loc":{"start":{"line":377,"column":6},"end":{"line":383,"column":7}},"type":"if","locations":[{"start":{"line":377,"column":6},"end":{"line":383,"column":7}}]},"29":{"loc":{"start":{"line":381,"column":35},"end":{"line":381,"column":80}},"type":"binary-expr","locations":[{"start":{"line":381,"column":35},"end":{"line":381,"column":56}},{"start":{"line":381,"column":60},"end":{"line":381,"column":80}}]}},"s":{"0":2,"1":2,"2":2,"3":2,"4":2,"5":2,"6":2,"7":2,"8":2,"9":1,"10":1,"11":1,"12":3,"13":3,"14":2,"15":2,"16":1,"17":1,"18":0,"19":0,"20":0,"21":2,"22":3,"23":3,"24":2,"25":6,"26":1,"27":1,"28":2,"29":3,"30":3,"31":2,"32":6,"33":1,"34":1,"35":2,"36":2,"37":2,"38":1,"39":1,"40":2,"41":2,"42":1,"43":1,"44":2,"45":2,"46":0,"47":2,"48":2,"49":0,"50":2,"51":2,"52":0,"53":2,"54":2,"55":0,"56":2,"57":2,"58":0,"59":2,"60":2,"61":0,"62":0,"63":0,"64":0,"65":0,"66":0,"67":0,"68":0,"69":0,"70":0,"71":0,"72":0,"73":0,"74":0,"75":0,"76":0,"77":0,"78":0,"79":0,"80":0,"81":0,"82":0,"83":0,"84":0,"85":0,"86":0,"87":0,"88":0,"89":0,"90":0,"91":2,"92":0,"93":0,"94":0,"95":0,"96":0,"97":0,"98":0,"99":0,"100":0,"101":0,"102":0,"103":0,"104":0,"105":2,"106":2,"107":0,"108":0,"109":0,"110":0,"111":0,"112":0,"113":0,"114":0,"115":0,"116":0,"117":0,"118":0,"119":0,"120":2,"121":2,"122":1,"123":0,"124":2,"125":2,"126":0,"127":0,"128":0,"129":0,"130":0,"131":0,"132":0,"133":0,"134":0,"135":0,"136":0,"137":0,"138":0,"139":0,"140":0,"141":0,"142":0,"143":2,"144":2,"145":0,"146":0,"147":0,"148":0,"149":0,"150":0,"151":0,"152":0,"153":0,"154":0,"155":0,"156":0,"157":0,"158":0,"159":0,"160":0,"161":2,"162":2,"163":0,"164":0,"165":0,"166":0,"167":0,"168":0,"169":0,"170":0,"171":0,"172":0,"173":0,"174":0,"175":0,"176":0,"177":0,"178":0,"179":2,"180":2},"f":{"0":1,"1":1,"2":3,"3":2,"4":2,"5":1,"6":0,"7":2,"8":3,"9":6,"10":1,"11":2,"12":3,"13":6,"14":1,"15":2,"16":2,"17":1,"18":2,"19":2,"20":1,"21":0,"22":0,"23":0,"24":0,"25":0,"26":0,"27":0,"28":0,"29":0,"30":0,"31":0,"32":0,"33":0,"34":0,"35":0,"36":1,"37":0,"38":0,"39":0,"40":0,"41":0,"42":0,"43":0,"44":0},"b":{"0":[2],"1":[2],"2":[0],"3":[0],"4":[0,0],"5":[0],"6":[0,0],"7":[0,0,0,0,0],"8":[0],"9":[0,0,0],"10":[0,0],"11":[0,0],"12":[0],"13":[0,0,0],"14":[0,0],"15":[0,0],"16":[0],"17":[0,0,0],"18":[0,0],"19":[0,0],"20":[0],"21":[0,0],"22":[0],"23":[0,0,0],"24":[0,0],"25":[0,0],"26":[0],"27":[0,0,0],"28":[0],"29":[0,0]}}
,"/Users/zdelcoco/prayerloop/prayerloop-mobile/store/userPrayersSlice.ts": {"path":"/Users/zdelcoco/prayerloop/prayerloop-mobile/store/userPrayersSlice.ts","statementMap":{"0":{"start":{"line":1,"column":0},"end":{"line":1,"column":78}},"1":{"start":{"line":5,"column":0},"end":{"line":5,"column":55}},"2":{"start":{"line":8,"column":0},"end":{"line":8,"column":59}},"3":{"start":{"line":10,"column":0},"end":{"line":10,"column":59}},"4":{"start":{"line":12,"column":0},"end":{"line":12,"column":86}},"5":{"start":{"line":30,"column":39},"end":{"line":40,"column":2}},"6":{"start":{"line":42,"column":25},"end":{"line":111,"column":2}},"7":{"start":{"line":47,"column":6},"end":{"line":47,"column":31}},"8":{"start":{"line":53,"column":6},"end":{"line":53,"column":33}},"9":{"start":{"line":54,"column":6},"end":{"line":54,"column":45}},"10":{"start":{"line":57,"column":6},"end":{"line":57,"column":30}},"11":{"start":{"line":58,"column":6},"end":{"line":58,"column":35}},"12":{"start":{"line":61,"column":6},"end":{"line":61,"column":32}},"13":{"start":{"line":64,"column":6},"end":{"line":64,"column":33}},"14":{"start":{"line":67,"column":6},"end":{"line":67,"column":30}},"15":{"start":{"line":68,"column":6},"end":{"line":68,"column":35}},"16":{"start":{"line":71,"column":6},"end":{"line":71,"column":32}},"17":{"start":{"line":74,"column":6},"end":{"line":74,"column":33}},"18":{"start":{"line":77,"column":6},"end":{"line":77,"column":30}},"19":{"start":{"line":78,"column":6},"end":{"line":78,"column":35}},"20":{"start":{"line":81,"column":6},"end":{"line":81,"column":34}},"21":{"start":{"line":84,"column":6},"end":{"line":84,"column":33}},"22":{"start":{"line":85,"column":6},"end":{"line":85,"column":37}},"23":{"start":{"line":88,"column":6},"end":{"line":88,"column":30}},"24":{"start":{"line":89,"column":6},"end":{"line":89,"column":35}},"25":{"start":{"line":92,"column":6},"end":{"line":92,"column":28}},"26":{"start":{"line":93,"column":6},"end":{"line":93,"column":27}},"27":{"start":{"line":94,"column":6},"end":{"line":94,"column":25}},"28":{"start":{"line":97,"column":6},"end":{"line":97,"column":41}},"29":{"start":{"line":100,"column":6},"end":{"line":100,"column":37}},"30":{"start":{"line":103,"column":6},"end":{"line":103,"column":29}},"31":{"start":{"line":104,"column":6},"end":{"line":108,"column":8}},"32":{"start":{"line":113,"column":13},"end":{"line":128,"column":null}},"33":{"start":{"line":138,"column":32},"end":{"line":163,"column":1}},"34":{"start":{"line":138,"column":48},"end":{"line":163,"column":1}},"35":{"start":{"line":139,"column":32},"end":{"line":139,"column":42}},"36":{"start":{"line":140,"column":2},"end":{"line":143,"column":3}},"37":{"start":{"line":141,"column":4},"end":{"line":141,"column":62}},"38":{"start":{"line":142,"column":4},"end":{"line":142,"column":11}},"39":{"start":{"line":145,"column":2},"end":{"line":148,"column":3}},"40":{"start":{"line":146,"column":4},"end":{"line":146,"column":57}},"41":{"start":{"line":147,"column":4},"end":{"line":147,"column":11}},"42":{"start":{"line":150,"column":2},"end":{"line":150,"column":34}},"43":{"start":{"line":151,"column":2},"end":{"line":162,"column":3}},"44":{"start":{"line":152,"column":19},"end":{"line":152,"column":76}},"45":{"start":{"line":153,"column":4},"end":{"line":159,"column":5}},"46":{"start":{"line":154,"column":6},"end":{"line":154,"column":77}},"47":{"start":{"line":156,"column":6},"end":{"line":158,"column":8}},"48":{"start":{"line":161,"column":4},"end":{"line":161,"column":58}},"49":{"start":{"line":138,"column":13},"end":{"line":138,"column":32}},"50":{"start":{"line":166,"column":2},"end":{"line":193,"column":3}},"51":{"start":{"line":167,"column":2},"end":{"line":193,"column":3}},"52":{"start":{"line":168,"column":21},"end":{"line":168,"column":31}},"53":{"start":{"line":169,"column":4},"end":{"line":172,"column":5}},"54":{"start":{"line":170,"column":6},"end":{"line":170,"column":66}},"55":{"start":{"line":171,"column":6},"end":{"line":171,"column":13}},"56":{"start":{"line":174,"column":4},"end":{"line":174,"column":38}},"57":{"start":{"line":176,"column":4},"end":{"line":192,"column":5}},"58":{"start":{"line":177,"column":21},"end":{"line":180,"column":null}},"59":{"start":{"line":182,"column":6},"end":{"line":189,"column":7}},"60":{"start":{"line":183,"column":8},"end":{"line":183,"column":44}},"61":{"start":{"line":184,"column":8},"end":{"line":184,"column":37}},"62":{"start":{"line":186,"column":8},"end":{"line":188,"column":10}},"63":{"start":{"line":191,"column":6},"end":{"line":191,"column":62}},"64":{"start":{"line":165,"column":13},"end":{"line":165,"column":null}},"65":{"start":{"line":196,"column":2},"end":{"line":219,"column":3}},"66":{"start":{"line":197,"column":2},"end":{"line":219,"column":3}},"67":{"start":{"line":198,"column":21},"end":{"line":198,"column":31}},"68":{"start":{"line":199,"column":4},"end":{"line":202,"column":5}},"69":{"start":{"line":200,"column":6},"end":{"line":200,"column":66}},"70":{"start":{"line":201,"column":6},"end":{"line":201,"column":13}},"71":{"start":{"line":204,"column":4},"end":{"line":204,"column":38}},"72":{"start":{"line":206,"column":4},"end":{"line":218,"column":5}},"73":{"start":{"line":207,"column":21},"end":{"line":207,"column":77}},"74":{"start":{"line":208,"column":6},"end":{"line":215,"column":7}},"75":{"start":{"line":209,"column":8},"end":{"line":209,"column":44}},"76":{"start":{"line":210,"column":8},"end":{"line":210,"column":37}},"77":{"start":{"line":212,"column":8},"end":{"line":214,"column":10}},"78":{"start":{"line":217,"column":6},"end":{"line":217,"column":62}},"79":{"start":{"line":195,"column":13},"end":{"line":195,"column":null}},"80":{"start":{"line":222,"column":2},"end":{"line":261,"column":3}},"81":{"start":{"line":223,"column":2},"end":{"line":261,"column":3}},"82":{"start":{"line":224,"column":21},"end":{"line":224,"column":31}},"83":{"start":{"line":225,"column":4},"end":{"line":228,"column":5}},"84":{"start":{"line":226,"column":6},"end":{"line":226,"column":68}},"85":{"start":{"line":227,"column":6},"end":{"line":227,"column":13}},"86":{"start":{"line":230,"column":4},"end":{"line":230,"column":40}},"87":{"start":{"line":233,"column":4},"end":{"line":233,"column":58}},"88":{"start":{"line":235,"column":4},"end":{"line":260,"column":5}},"89":{"start":{"line":236,"column":49},"end":{"line":241,"column":8}},"90":{"start":{"line":237,"column":58},"end":{"line":240,"column":10}},"91":{"start":{"line":243,"column":21},"end":{"line":246,"column":null}},"92":{"start":{"line":249,"column":6},"end":{"line":255,"column":7}},"93":{"start":{"line":251,"column":8},"end":{"line":251,"column":37}},"94":{"start":{"line":252,"column":8},"end":{"line":254,"column":10}},"95":{"start":{"line":258,"column":6},"end":{"line":258,"column":35}},"96":{"start":{"line":259,"column":6},"end":{"line":259,"column":64}},"97":{"start":{"line":221,"column":13},"end":{"line":221,"column":null}},"98":{"start":{"line":263,"column":32},"end":{"line":265,"column":1}},"99":{"start":{"line":263,"column":48},"end":{"line":265,"column":1}},"100":{"start":{"line":264,"column":2},"end":{"line":264,"column":56}},"101":{"start":{"line":263,"column":13},"end":{"line":263,"column":32}},"102":{"start":{"line":268,"column":33},"end":{"line":268,"column":80}},"103":{"start":{"line":268,"column":55},"end":{"line":268,"column":80}},"104":{"start":{"line":268,"column":13},"end":{"line":268,"column":33}},"105":{"start":{"line":270,"column":38},"end":{"line":270,"column":77}},"106":{"start":{"line":270,"column":60},"end":{"line":270,"column":77}},"107":{"start":{"line":270,"column":13},"end":{"line":270,"column":38}},"108":{"start":{"line":272,"column":33},"end":{"line":272,"column":84}},"109":{"start":{"line":272,"column":55},"end":{"line":272,"column":84}},"110":{"start":{"line":272,"column":13},"end":{"line":272,"column":33}},"111":{"start":{"line":274,"column":29},"end":{"line":274,"column":76}},"112":{"start":{"line":274,"column":51},"end":{"line":274,"column":76}},"113":{"start":{"line":274,"column":13},"end":{"line":274,"column":29}},"114":{"start":{"line":277,"column":13},"end":{"line":341,"column":2}},"115":{"start":{"line":279,"column":26},"end":{"line":279,"column":51}},"116":{"start":{"line":280,"column":26},"end":{"line":280,"column":55}},"117":{"start":{"line":281,"column":26},"end":{"line":281,"column":51}},"118":{"start":{"line":284,"column":4},"end":{"line":284,"column":30}},"119":{"start":{"line":284,"column":18},"end":{"line":284,"column":30}},"120":{"start":{"line":286,"column":19},"end":{"line":286,"column":31}},"121":{"start":{"line":289,"column":4},"end":{"line":296,"column":5}},"122":{"start":{"line":290,"column":20},"end":{"line":290,"column":45}},"123":{"start":{"line":291,"column":6},"end":{"line":295,"column":8}},"124":{"start":{"line":293,"column":10},"end":{"line":294,"column":64}},"125":{"start":{"line":299,"column":4},"end":{"line":301,"column":5}},"126":{"start":{"line":300,"column":6},"end":{"line":300,"column":85}},"127":{"start":{"line":300,"column":45},"end":{"line":300,"column":83}},"128":{"start":{"line":303,"column":4},"end":{"line":305,"column":5}},"129":{"start":{"line":304,"column":6},"end":{"line":304,"column":87}},"130":{"start":{"line":304,"column":45},"end":{"line":304,"column":85}},"131":{"start":{"line":307,"column":4},"end":{"line":337,"column":5}},"132":{"start":{"line":308,"column":18},"end":{"line":308,"column":28}},"133":{"start":{"line":309,"column":25},"end":{"line":309,"column":83}},"134":{"start":{"line":313,"column":6},"end":{"line":331,"column":7}},"135":{"start":{"line":315,"column":10},"end":{"line":315,"column":34}},"136":{"start":{"line":316,"column":10},"end":{"line":316,"column":16}},"137":{"start":{"line":318,"column":10},"end":{"line":318,"column":44}},"138":{"start":{"line":319,"column":10},"end":{"line":319,"column":55}},"139":{"start":{"line":320,"column":10},"end":{"line":320,"column":16}},"140":{"start":{"line":322,"column":10},"end":{"line":322,"column":44}},"141":{"start":{"line":323,"column":10},"end":{"line":323,"column":57}},"142":{"start":{"line":324,"column":10},"end":{"line":324,"column":16}},"143":{"start":{"line":326,"column":10},"end":{"line":326,"column":44}},"144":{"start":{"line":327,"column":10},"end":{"line":327,"column":63}},"145":{"start":{"line":328,"column":10},"end":{"line":328,"column":16}},"146":{"start":{"line":330,"column":10},"end":{"line":330,"column":35}},"147":{"start":{"line":333,"column":6},"end":{"line":336,"column":9}},"148":{"start":{"line":334,"column":28},"end":{"line":334,"column":59}},"149":{"start":{"line":335,"column":8},"end":{"line":335,"column":41}},"150":{"start":{"line":339,"column":4},"end":{"line":339,"column":20}},"151":{"start":{"line":343,"column":0},"end":{"line":343,"column":40}}},"fnMap":{"0":{"name":"(anonymous_0)","decl":{"start":{"line":46,"column":25},"end":{"line":46,"column":26}},"loc":{"start":{"line":46,"column":35},"end":{"line":48,"column":5}}},"1":{"name":"(anonymous_1)","decl":{"start":{"line":49,"column":27},"end":{"line":49,"column":null}},"loc":{"start":{"line":52,"column":8},"end":{"line":55,"column":5}}},"2":{"name":"(anonymous_2)","decl":{"start":{"line":56,"column":27},"end":{"line":56,"column":28}},"loc":{"start":{"line":56,"column":68},"end":{"line":59,"column":5}}},"3":{"name":"(anonymous_3)","decl":{"start":{"line":60,"column":27},"end":{"line":60,"column":28}},"loc":{"start":{"line":60,"column":37},"end":{"line":62,"column":5}}},"4":{"name":"(anonymous_4)","decl":{"start":{"line":63,"column":29},"end":{"line":63,"column":30}},"loc":{"start":{"line":63,"column":39},"end":{"line":65,"column":5}}},"5":{"name":"(anonymous_5)","decl":{"start":{"line":66,"column":29},"end":{"line":66,"column":30}},"loc":{"start":{"line":66,"column":70},"end":{"line":69,"column":5}}},"6":{"name":"(anonymous_6)","decl":{"start":{"line":70,"column":27},"end":{"line":70,"column":28}},"loc":{"start":{"line":70,"column":37},"end":{"line":72,"column":5}}},"7":{"name":"(anonymous_7)","decl":{"start":{"line":73,"column":29},"end":{"line":73,"column":30}},"loc":{"start":{"line":73,"column":39},"end":{"line":75,"column":5}}},"8":{"name":"(anonymous_8)","decl":{"start":{"line":76,"column":29},"end":{"line":76,"column":30}},"loc":{"start":{"line":76,"column":70},"end":{"line":79,"column":5}}},"9":{"name":"(anonymous_9)","decl":{"start":{"line":80,"column":29},"end":{"line":80,"column":30}},"loc":{"start":{"line":80,"column":39},"end":{"line":82,"column":5}}},"10":{"name":"(anonymous_10)","decl":{"start":{"line":83,"column":31},"end":{"line":83,"column":32}},"loc":{"start":{"line":83,"column":74},"end":{"line":86,"column":5}}},"11":{"name":"(anonymous_11)","decl":{"start":{"line":87,"column":31},"end":{"line":87,"column":32}},"loc":{"start":{"line":87,"column":72},"end":{"line":90,"column":5}}},"12":{"name":"(anonymous_12)","decl":{"start":{"line":91,"column":22},"end":{"line":91,"column":23}},"loc":{"start":{"line":91,"column":32},"end":{"line":95,"column":5}}},"13":{"name":"(anonymous_13)","decl":{"start":{"line":96,"column":20},"end":{"line":96,"column":21}},"loc":{"start":{"line":96,"column":61},"end":{"line":98,"column":5}}},"14":{"name":"(anonymous_14)","decl":{"start":{"line":99,"column":16},"end":{"line":99,"column":17}},"loc":{"start":{"line":99,"column":64},"end":{"line":101,"column":5}}},"15":{"name":"(anonymous_15)","decl":{"start":{"line":102,"column":27},"end":{"line":102,"column":28}},"loc":{"start":{"line":102,"column":37},"end":{"line":109,"column":5}}},"16":{"name":"(anonymous_16)","decl":{"start":{"line":138,"column":32},"end":{"line":138,"column":45}},"loc":{"start":{"line":138,"column":48},"end":{"line":163,"column":1}}},"17":{"name":"(anonymous_17)","decl":{"start":{"line":138,"column":48},"end":{"line":138,"column":53}},"loc":{"start":{"line":138,"column":77},"end":{"line":163,"column":1}}},"18":{"name":"(anonymous_18)","decl":{"start":{"line":166,"column":2},"end":{"line":166,"column":3}},"loc":{"start":{"line":167,"column":2},"end":{"line":193,"column":3}}},"19":{"name":"(anonymous_19)","decl":{"start":{"line":167,"column":2},"end":{"line":167,"column":7}},"loc":{"start":{"line":167,"column":31},"end":{"line":193,"column":3}}},"20":{"name":"(anonymous_20)","decl":{"start":{"line":196,"column":2},"end":{"line":196,"column":3}},"loc":{"start":{"line":197,"column":2},"end":{"line":219,"column":3}}},"21":{"name":"(anonymous_21)","decl":{"start":{"line":197,"column":2},"end":{"line":197,"column":7}},"loc":{"start":{"line":197,"column":31},"end":{"line":219,"column":3}}},"22":{"name":"(anonymous_22)","decl":{"start":{"line":222,"column":2},"end":{"line":222,"column":3}},"loc":{"start":{"line":223,"column":2},"end":{"line":261,"column":3}}},"23":{"name":"(anonymous_23)","decl":{"start":{"line":223,"column":2},"end":{"line":223,"column":7}},"loc":{"start":{"line":223,"column":31},"end":{"line":261,"column":3}}},"24":{"name":"(anonymous_24)","decl":{"start":{"line":237,"column":38},"end":{"line":237,"column":39}},"loc":{"start":{"line":237,"column":58},"end":{"line":240,"column":10}}},"25":{"name":"(anonymous_25)","decl":{"start":{"line":263,"column":32},"end":{"line":263,"column":45}},"loc":{"start":{"line":263,"column":48},"end":{"line":265,"column":1}}},"26":{"name":"(anonymous_26)","decl":{"start":{"line":263,"column":48},"end":{"line":263,"column":53}},"loc":{"start":{"line":263,"column":67},"end":{"line":265,"column":1}}},"27":{"name":"(anonymous_27)","decl":{"start":{"line":268,"column":33},"end":{"line":268,"column":34}},"loc":{"start":{"line":268,"column":55},"end":{"line":268,"column":80}}},"28":{"name":"(anonymous_28)","decl":{"start":{"line":270,"column":38},"end":{"line":270,"column":39}},"loc":{"start":{"line":270,"column":60},"end":{"line":270,"column":77}}},"29":{"name":"(anonymous_29)","decl":{"start":{"line":272,"column":33},"end":{"line":272,"column":34}},"loc":{"start":{"line":272,"column":55},"end":{"line":272,"column":84}}},"30":{"name":"(anonymous_30)","decl":{"start":{"line":274,"column":29},"end":{"line":274,"column":30}},"loc":{"start":{"line":274,"column":51},"end":{"line":274,"column":76}}},"31":{"name":"(anonymous_31)","decl":{"start":{"line":279,"column":4},"end":{"line":279,"column":5}},"loc":{"start":{"line":279,"column":26},"end":{"line":279,"column":51}}},"32":{"name":"(anonymous_32)","decl":{"start":{"line":280,"column":4},"end":{"line":280,"column":5}},"loc":{"start":{"line":280,"column":26},"end":{"line":280,"column":55}}},"33":{"name":"(anonymous_33)","decl":{"start":{"line":281,"column":4},"end":{"line":281,"column":5}},"loc":{"start":{"line":281,"column":26},"end":{"line":281,"column":51}}},"34":{"name":"(anonymous_34)","decl":{"start":{"line":283,"column":2},"end":{"line":283,"column":3}},"loc":{"start":{"line":283,"column":36},"end":{"line":340,"column":3}}},"35":{"name":"(anonymous_35)","decl":{"start":{"line":292,"column":8},"end":{"line":292,"column":9}},"loc":{"start":{"line":293,"column":10},"end":{"line":294,"column":64}}},"36":{"name":"(anonymous_36)","decl":{"start":{"line":300,"column":33},"end":{"line":300,"column":34}},"loc":{"start":{"line":300,"column":45},"end":{"line":300,"column":83}}},"37":{"name":"(anonymous_37)","decl":{"start":{"line":304,"column":33},"end":{"line":304,"column":34}},"loc":{"start":{"line":304,"column":45},"end":{"line":304,"column":85}}},"38":{"name":"(anonymous_38)","decl":{"start":{"line":333,"column":33},"end":{"line":333,"column":34}},"loc":{"start":{"line":333,"column":44},"end":{"line":336,"column":7}}}},"branchMap":{"0":{"loc":{"start":{"line":140,"column":2},"end":{"line":143,"column":3}},"type":"if","locations":[{"start":{"line":140,"column":2},"end":{"line":143,"column":3}}]},"1":{"loc":{"start":{"line":140,"column":6},"end":{"line":140,"column":56}},"type":"binary-expr","locations":[{"start":{"line":140,"column":6},"end":{"line":140,"column":27}},{"start":{"line":140,"column":31},"end":{"line":140,"column":42}},{"start":{"line":140,"column":46},"end":{"line":140,"column":56}}]},"2":{"loc":{"start":{"line":145,"column":2},"end":{"line":148,"column":3}},"type":"if","locations":[{"start":{"line":145,"column":2},"end":{"line":148,"column":3}}]},"3":{"loc":{"start":{"line":153,"column":4},"end":{"line":159,"column":5}},"type":"if","locations":[{"start":{"line":153,"column":4},"end":{"line":159,"column":5}},{"start":{"line":155,"column":11},"end":{"line":159,"column":5}}]},"4":{"loc":{"start":{"line":157,"column":30},"end":{"line":157,"column":75}},"type":"binary-expr","locations":[{"start":{"line":157,"column":30},"end":{"line":157,"column":51}},{"start":{"line":157,"column":55},"end":{"line":157,"column":75}}]},"5":{"loc":{"start":{"line":169,"column":4},"end":{"line":172,"column":5}},"type":"if","locations":[{"start":{"line":169,"column":4},"end":{"line":172,"column":5}}]},"6":{"loc":{"start":{"line":169,"column":8},"end":{"line":169,"column":58}},"type":"binary-expr","locations":[{"start":{"line":169,"column":8},"end":{"line":169,"column":29}},{"start":{"line":169,"column":33},"end":{"line":169,"column":44}},{"start":{"line":169,"column":48},"end":{"line":169,"column":58}}]},"7":{"loc":{"start":{"line":182,"column":6},"end":{"line":189,"column":7}},"type":"if","locations":[{"start":{"line":182,"column":6},"end":{"line":189,"column":7}},{"start":{"line":185,"column":13},"end":{"line":189,"column":7}}]},"8":{"loc":{"start":{"line":187,"column":34},"end":{"line":187,"column":79}},"type":"binary-expr","locations":[{"start":{"line":187,"column":34},"end":{"line":187,"column":55}},{"start":{"line":187,"column":59},"end":{"line":187,"column":79}}]},"9":{"loc":{"start":{"line":199,"column":4},"end":{"line":202,"column":5}},"type":"if","locations":[{"start":{"line":199,"column":4},"end":{"line":202,"column":5}}]},"10":{"loc":{"start":{"line":199,"column":8},"end":{"line":199,"column":58}},"type":"binary-expr","locations":[{"start":{"line":199,"column":8},"end":{"line":199,"column":29}},{"start":{"line":199,"column":33},"end":{"line":199,"column":44}},{"start":{"line":199,"column":48},"end":{"line":199,"column":58}}]},"11":{"loc":{"start":{"line":208,"column":6},"end":{"line":215,"column":7}},"type":"if","locations":[{"start":{"line":208,"column":6},"end":{"line":215,"column":7}},{"start":{"line":211,"column":13},"end":{"line":215,"column":7}}]},"12":{"loc":{"start":{"line":213,"column":34},"end":{"line":213,"column":79}},"type":"binary-expr","locations":[{"start":{"line":213,"column":34},"end":{"line":213,"column":55}},{"start":{"line":213,"column":59},"end":{"line":213,"column":79}}]},"13":{"loc":{"start":{"line":225,"column":4},"end":{"line":228,"column":5}},"type":"if","locations":[{"start":{"line":225,"column":4},"end":{"line":228,"column":5}}]},"14":{"loc":{"start":{"line":225,"column":8},"end":{"line":225,"column":58}},"type":"binary-expr","locations":[{"start":{"line":225,"column":8},"end":{"line":225,"column":29}},{"start":{"line":225,"column":33},"end":{"line":225,"column":44}},{"start":{"line":225,"column":48},"end":{"line":225,"column":58}}]},"15":{"loc":{"start":{"line":249,"column":6},"end":{"line":255,"column":7}},"type":"if","locations":[{"start":{"line":249,"column":6},"end":{"line":255,"column":7}}]},"16":{"loc":{"start":{"line":253,"column":36},"end":{"line":253,"column":81}},"type":"binary-expr","locations":[{"start":{"line":253,"column":36},"end":{"line":253,"column":57}},{"start":{"line":253,"column":61},"end":{"line":253,"column":81}}]},"17":{"loc":{"start":{"line":284,"column":4},"end":{"line":284,"column":30}},"type":"if","locations":[{"start":{"line":284,"column":4},"end":{"line":284,"column":30}}]},"18":{"loc":{"start":{"line":289,"column":4},"end":{"line":296,"column":5}},"type":"if","locations":[{"start":{"line":289,"column":4},"end":{"line":296,"column":5}}]},"19":{"loc":{"start":{"line":293,"column":10},"end":{"line":294,"column":64}},"type":"binary-expr","locations":[{"start":{"line":293,"column":10},"end":{"line":293,"column":52}},{"start":{"line":294,"column":10},"end":{"line":294,"column":64}}]},"20":{"loc":{"start":{"line":299,"column":4},"end":{"line":301,"column":5}},"type":"if","locations":[{"start":{"line":299,"column":4},"end":{"line":301,"column":5}}]},"21":{"loc":{"start":{"line":299,"column":8},"end":{"line":299,"column":69}},"type":"binary-expr","locations":[{"start":{"line":299,"column":8},"end":{"line":299,"column":34}},{"start":{"line":299,"column":38},"end":{"line":299,"column":69}}]},"22":{"loc":{"start":{"line":303,"column":4},"end":{"line":305,"column":5}},"type":"if","locations":[{"start":{"line":303,"column":4},"end":{"line":305,"column":5}}]},"23":{"loc":{"start":{"line":303,"column":8},"end":{"line":303,"column":71}},"type":"binary-expr","locations":[{"start":{"line":303,"column":8},"end":{"line":303,"column":35}},{"start":{"line":303,"column":39},"end":{"line":303,"column":71}}]},"24":{"loc":{"start":{"line":307,"column":4},"end":{"line":337,"column":5}},"type":"if","locations":[{"start":{"line":307,"column":4},"end":{"line":337,"column":5}}]},"25":{"loc":{"start":{"line":307,"column":8},"end":{"line":307,"column":56}},"type":"binary-expr","locations":[{"start":{"line":307,"column":8},"end":{"line":307,"column":25}},{"start":{"line":307,"column":29},"end":{"line":307,"column":56}}]},"26":{"loc":{"start":{"line":313,"column":6},"end":{"line":331,"column":7}},"type":"switch","locations":[{"start":{"line":314,"column":8},"end":{"line":316,"column":16}},{"start":{"line":317,"column":8},"end":{"line":320,"column":16}},{"start":{"line":321,"column":8},"end":{"line":324,"column":16}},{"start":{"line":325,"column":8},"end":{"line":328,"column":16}},{"start":{"line":329,"column":8},"end":{"line":330,"column":35}}]}},"s":{"0":2,"1":2,"2":2,"3":2,"4":2,"5":2,"6":2,"7":1,"8":1,"9":1,"10":3,"11":3,"12":2,"13":2,"14":1,"15":1,"16":2,"17":2,"18":1,"19":1,"20":2,"21":2,"22":2,"23":1,"24":1,"25":0,"26":0,"27":0,"28":2,"29":3,"30":0,"31":0,"32":2,"33":2,"34":0,"35":0,"36":0,"37":0,"38":0,"39":0,"40":0,"41":0,"42":0,"43":0,"44":0,"45":0,"46":0,"47":0,"48":0,"49":2,"50":2,"51":0,"52":0,"53":0,"54":0,"55":0,"56":0,"57":0,"58":0,"59":0,"60":0,"61":0,"62":0,"63":0,"64":2,"65":2,"66":0,"67":0,"68":0,"69":0,"70":0,"71":0,"72":0,"73":0,"74":0,"75":0,"76":0,"77":0,"78":0,"79":2,"80":2,"81":0,"82":0,"83":0,"84":0,"85":0,"86":0,"87":0,"88":0,"89":0,"90":0,"91":0,"92":0,"93":0,"94":0,"95":0,"96":0,"97":2,"98":2,"99":1,"100":0,"101":2,"102":2,"103":0,"104":2,"105":2,"106":0,"107":2,"108":2,"109":0,"110":2,"111":2,"112":0,"113":2,"114":2,"115":0,"116":0,"117":0,"118":0,"119":0,"120":0,"121":0,"122":0,"123":0,"124":0,"125":0,"126":0,"127":0,"128":0,"129":0,"130":0,"131":0,"132":0,"133":0,"134":0,"135":0,"136":0,"137":0,"138":0,"139":0,"140":0,"141":0,"142":0,"143":0,"144":0,"145":0,"146":0,"147":0,"148":0,"149":0,"150":0,"151":2},"f":{"0":1,"1":1,"2":3,"3":2,"4":2,"5":1,"6":2,"7":2,"8":1,"9":2,"10":2,"11":1,"12":0,"13":2,"14":3,"15":0,"16":0,"17":0,"18":0,"19":0,"20":0,"21":0,"22":0,"23":0,"24":0,"25":1,"26":0,"27":0,"28":0,"29":0,"30":0,"31":0,"32":0,"33":0,"34":0,"35":0,"36":0,"37":0,"38":0},"b":{"0":[0],"1":[0,0,0],"2":[0],"3":[0,0],"4":[0,0],"5":[0],"6":[0,0,0],"7":[0,0],"8":[0,0],"9":[0],"10":[0,0,0],"11":[0,0],"12":[0,0],"13":[0],"14":[0,0,0],"15":[0],"16":[0,0],"17":[0],"18":[0],"19":[0,0],"20":[0],"21":[0,0],"22":[0],"23":[0,0],"24":[0],"25":[0,0],"26":[0,0,0,0,0]}}
}
