TN:
SF:store/authSlice.ts
FN:39,(anonymous_1)
FN:42,(anonymous_2)
FN:48,(anonymous_3)
FN:52,(anonymous_4)
FN:55,(anonymous_5)
FN:59,(anonymous_6)
FN:63,(anonymous_7)
FN:68,(anonymous_8)
FN:85,(anonymous_9)
FN:86,(anonymous_10)
FN:103,(anonymous_11)
FN:104,(anonymous_12)
FN:120,(anonymous_13)
FN:120,(anonymous_14)
FN:148,(anonymous_15)
FN:170,(anonymous_16)
FN:170,(anonymous_17)
FN:184,(anonymous_18)
FN:186,(anonymous_19)
FNF:19
FNH:15
FNDA:3,(anonymous_1)
FNDA:2,(anonymous_2)
FNDA:2,(anonymous_3)
FNDA:1,(anonymous_4)
FNDA:1,(anonymous_5)
FNDA:1,(anonymous_6)
FNDA:2,(anonymous_7)
FNDA:1,(anonymous_8)
FNDA:4,(anonymous_9)
FNDA:2,(anonymous_10)
FNDA:0,(anonymous_11)
FNDA:0,(anonymous_12)
FNDA:4,(anonymous_13)
FNDA:4,(anonymous_14)
FNDA:3,(anonymous_15)
FNDA:2,(anonymous_16)
FNDA:1,(anonymous_17)
FNDA:0,(anonymous_18)
FNDA:0,(anonymous_19)
DA:1,1
DA:3,1
DA:6,1
DA:8,1
DA:10,1
DA:11,1
DA:12,1
DA:27,1
DA:35,1
DA:40,3
DA:43,2
DA:44,2
DA:45,2
DA:46,2
DA:49,2
DA:50,2
DA:53,1
DA:56,1
DA:57,1
DA:60,1
DA:61,1
DA:64,2
DA:65,2
DA:66,2
DA:69,1
DA:74,1
DA:84,1
DA:85,1
DA:86,4
DA:87,2
DA:88,2
DA:89,2
DA:90,2
DA:91,1
DA:93,1
DA:98,0
DA:102,1
DA:103,1
DA:104,0
DA:105,0
DA:106,0
DA:107,0
DA:108,0
DA:109,0
DA:111,0
DA:116,0
DA:120,4
DA:121,4
DA:123,4
DA:125,1
DA:126,1
DA:129,3
DA:131,3
DA:132,3
DA:134,3
DA:136,2
DA:137,2
DA:142,0
DA:143,0
DA:148,1
DA:149,3
DA:150,3
DA:151,3
DA:153,3
DA:155,2
DA:156,2
DA:161,1
DA:162,1
DA:165,0
DA:166,0
DA:170,2
DA:172,1
DA:173,1
DA:174,1
DA:176,0
DA:179,1
DA:180,1
DA:181,1
DA:184,1
DA:186,1
DA:191,1
LF:81
LH:67
BRDA:90,0,0,1
BRDA:90,0,1,1
BRDA:94,1,0,1
BRDA:94,1,1,0
BRDA:108,2,0,0
BRDA:108,2,1,0
BRDA:112,3,0,0
BRDA:112,3,1,0
BRDA:123,4,0,1
BRDA:134,5,0,2
BRDA:153,6,0,2
BRDA:153,6,1,1
BRDA:153,7,0,3
BRDA:153,7,1,2
BRF:14
BRH:9
end_of_record
TN:
SF:store/groupPrayersSlice.ts
FN:47,(anonymous_0)
FN:50,(anonymous_1)
FN:58,(anonymous_2)
FN:62,(anonymous_3)
FN:65,(anonymous_4)
FN:68,(anonymous_5)
FN:72,(anonymous_6)
FN:75,(anonymous_7)
FN:79,(anonymous_8)
FN:83,(anonymous_9)
FN:89,(anonymous_10)
FN:92,(anonymous_11)
FN:95,(anonymous_12)
FN:129,(anonymous_13)
FN:132,(anonymous_14)
FN:161,(anonymous_15)
FN:162,(anonymous_16)
FN:193,(anonymous_17)
FN:194,(anonymous_18)
FN:208,(anonymous_19)
FN:235,(anonymous_20)
FN:237,(anonymous_21)
FN:239,(anonymous_22)
FN:242,(anonymous_23)
FN:245,(anonymous_24)
FN:251,(anonymous_25)
FN:252,(anonymous_26)
FN:253,(anonymous_27)
FN:255,(anonymous_28)
FN:264,(anonymous_29)
FN:272,(anonymous_30)
FN:276,(anonymous_31)
FN:305,(anonymous_32)
FN:315,(anonymous_33)
FN:315,(anonymous_34)
FNF:35
FNH:12
FNDA:2,(anonymous_0)
FNDA:4,(anonymous_1)
FNDA:3,(anonymous_2)
FNDA:2,(anonymous_3)
FNDA:2,(anonymous_4)
FNDA:1,(anonymous_5)
FNDA:2,(anonymous_6)
FNDA:2,(anonymous_7)
FNDA:1,(anonymous_8)
FNDA:0,(anonymous_9)
FNDA:2,(anonymous_10)
FNDA:3,(anonymous_11)
FNDA:1,(anonymous_12)
FNDA:0,(anonymous_13)
FNDA:0,(anonymous_14)
FNDA:0,(anonymous_15)
FNDA:0,(anonymous_16)
FNDA:0,(anonymous_17)
FNDA:0,(anonymous_18)
FNDA:0,(anonymous_19)
FNDA:0,(anonymous_20)
FNDA:0,(anonymous_21)
FNDA:0,(anonymous_22)
FNDA:0,(anonymous_23)
FNDA:0,(anonymous_24)
FNDA:0,(anonymous_25)
FNDA:0,(anonymous_26)
FNDA:0,(anonymous_27)
FNDA:0,(anonymous_28)
FNDA:0,(anonymous_29)
FNDA:0,(anonymous_30)
FNDA:0,(anonymous_31)
FNDA:0,(anonymous_32)
FNDA:0,(anonymous_33)
FNDA:0,(anonymous_34)
DA:1,3
DA:5,3
DA:6,3
DA:7,3
DA:30,3
DA:43,3
DA:48,2
DA:54,4
DA:55,4
DA:56,4
DA:59,3
DA:60,3
DA:63,2
DA:66,2
DA:69,1
DA:70,1
DA:73,2
DA:76,2
DA:77,2
DA:80,1
DA:81,1
DA:84,0
DA:85,0
DA:86,0
DA:87,0
DA:90,2
DA:93,3
DA:96,1
DA:97,1
DA:106,3
DA:128,3
DA:129,3
DA:132,0
DA:133,0
DA:134,0
DA:135,0
DA:136,0
DA:138,0
DA:139,0
DA:141,0
DA:142,0
DA:143,0
DA:144,0
DA:151,0
DA:156,0
DA:160,3
DA:161,3
DA:162,0
DA:163,0
DA:164,0
DA:165,0
DA:166,0
DA:169,0
DA:171,0
DA:172,0
DA:177,0
DA:178,0
DA:179,0
DA:181,0
DA:188,0
DA:192,3
DA:193,3
DA:194,0
DA:195,0
DA:196,0
DA:197,0
DA:198,0
DA:201,0
DA:204,0
DA:206,0
DA:207,0
DA:208,0
DA:214,0
DA:220,0
DA:222,0
DA:223,0
DA:229,0
DA:230,0
DA:235,3
DA:236,0
DA:237,3
DA:238,0
DA:239,3
DA:240,0
DA:242,3
DA:243,0
DA:245,3
DA:246,0
DA:249,3
DA:251,0
DA:252,0
DA:253,0
DA:256,0
DA:258,0
DA:261,0
DA:262,0
DA:263,0
DA:265,0
DA:271,0
DA:272,0
DA:275,0
DA:276,0
DA:279,0
DA:280,0
DA:281,0
DA:285,0
DA:287,0
DA:288,0
DA:290,0
DA:291,0
DA:292,0
DA:294,0
DA:295,0
DA:296,0
DA:298,0
DA:299,0
DA:300,0
DA:302,0
DA:305,0
DA:306,0
DA:307,0
DA:311,0
DA:315,3
DA:316,0
DA:319,3
LF:125
LH:40
BRDA:134,0,0,0
BRDA:134,1,0,0
BRDA:134,1,1,0
BRDA:143,2,0,0
BRDA:143,2,1,0
BRDA:152,3,0,0
BRDA:152,3,1,0
BRDA:164,4,0,0
BRDA:164,5,0,0
BRDA:164,5,1,0
BRDA:164,5,2,0
BRDA:177,6,0,0
BRDA:177,6,1,0
BRDA:183,7,0,0
BRDA:183,7,1,0
BRDA:196,8,0,0
BRDA:196,9,0,0
BRDA:196,9,1,0
BRDA:220,10,0,0
BRDA:224,11,0,0
BRDA:224,11,1,0
BRDA:256,12,0,0
BRDA:261,13,0,0
BRDA:265,14,0,0
BRDA:265,14,1,0
BRDA:271,15,0,0
BRDA:271,16,0,0
BRDA:271,16,1,0
BRDA:275,17,0,0
BRDA:275,18,0,0
BRDA:275,18,1,0
BRDA:279,19,0,0
BRDA:279,20,0,0
BRDA:279,20,1,0
BRDA:285,21,0,0
BRDA:285,21,1,0
BRDA:285,21,2,0
BRDA:285,21,3,0
BRDA:285,21,4,0
BRF:39
BRH:0
end_of_record
TN:
SF:store/groupUsersSlice.ts
FN:31,(anonymous_0)
FN:34,(anonymous_1)
FN:42,(anonymous_2)
FN:46,(anonymous_3)
FN:69,(anonymous_4)
FN:72,(anonymous_5)
FN:101,(anonymous_6)
FN:103,(anonymous_7)
FN:105,(anonymous_8)
FN:108,(anonymous_9)
FN:108,(anonymous_10)
FNF:11
FNH:0
FNDA:0,(anonymous_0)
FNDA:0,(anonymous_1)
FNDA:0,(anonymous_2)
FNDA:0,(anonymous_3)
FNDA:0,(anonymous_4)
FNDA:0,(anonymous_5)
FNDA:0,(anonymous_6)
FNDA:0,(anonymous_7)
FNDA:0,(anonymous_8)
FNDA:0,(anonymous_9)
FNDA:0,(anonymous_10)
DA:1,0
DA:5,0
DA:20,0
DA:27,0
DA:32,0
DA:38,0
DA:39,0
DA:40,0
DA:43,0
DA:44,0
DA:47,0
DA:48,0
DA:49,0
DA:50,0
DA:55,0
DA:68,0
DA:69,0
DA:72,0
DA:73,0
DA:74,0
DA:75,0
DA:76,0
DA:78,0
DA:80,0
DA:81,0
DA:82,0
DA:83,0
DA:84,0
DA:85,0
DA:92,0
DA:97,0
DA:101,0
DA:102,0
DA:103,0
DA:104,0
DA:105,0
DA:106,0
DA:108,0
DA:109,0
DA:112,0
LF:40
LH:0
BRDA:74,0,0,0
BRDA:74,1,0,0
BRDA:74,1,1,0
BRDA:84,2,0,0
BRDA:84,2,1,0
BRDA:93,3,0,0
BRDA:93,3,1,0
BRF:7
BRH:0
end_of_record
TN:
SF:store/groupsSlice.ts
FN:40,(anonymous_0)
FN:43,(anonymous_1)
FN:47,(anonymous_2)
FN:51,(anonymous_3)
FN:54,(anonymous_4)
FN:57,(anonymous_5)
FN:61,(anonymous_6)
FN:66,(anonymous_7)
FN:69,(anonymous_8)
FN:74,(anonymous_9)
FN:78,(anonymous_10)
FN:82,(anonymous_11)
FN:85,(anonymous_12)
FN:90,(anonymous_13)
FN:94,(anonymous_14)
FN:98,(anonymous_15)
FN:101,(anonymous_16)
FN:105,(anonymous_17)
FN:109,(anonymous_18)
FN:112,(anonymous_19)
FN:115,(anonymous_20)
FN:153,(anonymous_21)
FN:155,(anonymous_22)
FN:158,(anonymous_23)
FN:161,(anonymous_24)
FN:163,(anonymous_25)
FN:168,(anonymous_26)
FN:169,(anonymous_27)
FN:170,(anonymous_28)
FN:172,(anonymous_29)
FN:181,(anonymous_30)
FN:214,(anonymous_31)
FN:224,(anonymous_32)
FN:224,(anonymous_33)
FN:249,(anonymous_34)
FN:250,(anonymous_35)
FN:277,(anonymous_36)
FN:277,(anonymous_37)
FN:282,(anonymous_38)
FN:283,(anonymous_39)
FN:320,(anonymous_40)
FN:321,(anonymous_41)
FN:350,(anonymous_42)
FN:351,(anonymous_43)
FN:365,(anonymous_44)
FNF:45
FNH:21
FNDA:1,(anonymous_0)
FNDA:1,(anonymous_1)
FNDA:3,(anonymous_2)
FNDA:2,(anonymous_3)
FNDA:2,(anonymous_4)
FNDA:1,(anonymous_5)
FNDA:0,(anonymous_6)
FNDA:2,(anonymous_7)
FNDA:3,(anonymous_8)
FNDA:6,(anonymous_9)
FNDA:1,(anonymous_10)
FNDA:2,(anonymous_11)
FNDA:3,(anonymous_12)
FNDA:6,(anonymous_13)
FNDA:1,(anonymous_14)
FNDA:2,(anonymous_15)
FNDA:2,(anonymous_16)
FNDA:1,(anonymous_17)
FNDA:2,(anonymous_18)
FNDA:2,(anonymous_19)
FNDA:1,(anonymous_20)
FNDA:0,(anonymous_21)
FNDA:0,(anonymous_22)
FNDA:0,(anonymous_23)
FNDA:0,(anonymous_24)
FNDA:0,(anonymous_25)
FNDA:0,(anonymous_26)
FNDA:0,(anonymous_27)
FNDA:0,(anonymous_28)
FNDA:0,(anonymous_29)
FNDA:0,(anonymous_30)
FNDA:0,(anonymous_31)
FNDA:0,(anonymous_32)
FNDA:0,(anonymous_33)
FNDA:0,(anonymous_34)
FNDA:0,(anonymous_35)
FNDA:1,(anonymous_36)
FNDA:0,(anonymous_37)
FNDA:0,(anonymous_38)
FNDA:0,(anonymous_39)
FNDA:0,(anonymous_40)
FNDA:0,(anonymous_41)
FNDA:0,(anonymous_42)
FNDA:0,(anonymous_43)
FNDA:0,(anonymous_44)
DA:1,2
DA:4,2
DA:5,2
DA:7,2
DA:8,2
DA:9,2
DA:12,2
DA:26,2
DA:36,2
DA:41,1
DA:44,1
DA:45,1
DA:48,3
DA:49,3
DA:52,2
DA:55,2
DA:58,1
DA:59,1
DA:62,0
DA:63,0
DA:64,0
DA:67,2
DA:70,3
DA:72,3
DA:73,2
DA:74,6
DA:79,1
DA:80,1
DA:83,2
DA:86,3
DA:88,3
DA:89,2
DA:90,6
DA:95,1
DA:96,1
DA:99,2
DA:102,2
DA:103,2
DA:106,1
DA:107,1
DA:110,2
DA:113,2
DA:116,1
DA:117,1
DA:124,2
DA:153,2
DA:155,2
DA:156,0
DA:158,2
DA:159,0
DA:161,2
DA:163,2
DA:166,2
DA:168,0
DA:169,0
DA:170,0
DA:173,0
DA:175,0
DA:178,0
DA:179,0
DA:180,0
DA:182,0
DA:188,0
DA:189,0
DA:190,0
DA:194,0
DA:196,0
DA:197,0
DA:199,0
DA:200,0
DA:201,0
DA:203,0
DA:204,0
DA:205,0
DA:207,0
DA:208,0
DA:209,0
DA:211,0
DA:214,0
DA:215,0
DA:216,0
DA:220,0
DA:224,2
DA:225,0
DA:226,0
DA:227,0
DA:228,0
DA:231,0
DA:232,0
DA:234,0
DA:235,0
DA:236,0
DA:237,0
DA:239,0
DA:244,0
DA:248,2
DA:249,2
DA:250,0
DA:251,0
DA:252,0
DA:253,0
DA:254,0
DA:257,0
DA:259,0
DA:260,0
DA:264,0
DA:265,0
DA:266,0
DA:268,0
DA:273,0
DA:277,2
DA:278,0
DA:281,2
DA:282,2
DA:283,0
DA:284,0
DA:285,0
DA:286,0
DA:287,0
DA:291,0
DA:293,0
DA:295,0
DA:296,0
DA:301,0
DA:303,0
DA:304,0
DA:306,0
DA:308,0
DA:311,0
DA:314,0
DA:315,0
DA:319,2
DA:320,2
DA:321,0
DA:322,0
DA:323,0
DA:324,0
DA:325,0
DA:328,0
DA:330,0
DA:331,0
DA:332,0
DA:333,0
DA:335,0
DA:336,0
DA:338,0
DA:341,0
DA:344,0
DA:345,0
DA:349,2
DA:350,2
DA:351,0
DA:352,0
DA:353,0
DA:354,0
DA:355,0
DA:358,0
DA:361,0
DA:363,0
DA:364,0
DA:365,0
DA:371,0
DA:377,0
DA:379,0
DA:380,0
DA:386,0
DA:387,0
DA:391,2
LF:168
LH:59
BRDA:72,0,0,2
BRDA:88,1,0,2
BRDA:173,2,0,0
BRDA:178,3,0,0
BRDA:182,4,0,0
BRDA:182,4,1,0
BRDA:188,5,0,0
BRDA:188,6,0,0
BRDA:188,6,1,0
BRDA:194,7,0,0
BRDA:194,7,1,0
BRDA:194,7,2,0
BRDA:194,7,3,0
BRDA:194,7,4,0
BRDA:226,8,0,0
BRDA:226,9,0,0
BRDA:226,9,1,0
BRDA:226,9,2,0
BRDA:236,10,0,0
BRDA:236,10,1,0
BRDA:240,11,0,0
BRDA:240,11,1,0
BRDA:252,12,0,0
BRDA:252,13,0,0
BRDA:252,13,1,0
BRDA:252,13,2,0
BRDA:264,14,0,0
BRDA:264,14,1,0
BRDA:269,15,0,0
BRDA:269,15,1,0
BRDA:285,16,0,0
BRDA:285,17,0,0
BRDA:285,17,1,0
BRDA:285,17,2,0
BRDA:291,18,0,0
BRDA:291,18,1,0
BRDA:301,19,0,0
BRDA:301,19,1,0
BRDA:303,20,0,0
BRDA:309,21,0,0
BRDA:309,21,1,0
BRDA:323,22,0,0
BRDA:323,23,0,0
BRDA:323,23,1,0
BRDA:323,23,2,0
BRDA:332,24,0,0
BRDA:332,24,1,0
BRDA:339,25,0,0
BRDA:339,25,1,0
BRDA:353,26,0,0
BRDA:353,27,0,0
BRDA:353,27,1,0
BRDA:353,27,2,0
BRDA:377,28,0,0
BRDA:381,29,0,0
BRDA:381,29,1,0
BRF:56
BRH:2
end_of_record
TN:
SF:store/userPrayersSlice.ts
FN:46,(anonymous_0)
FN:49,(anonymous_1)
FN:56,(anonymous_2)
FN:60,(anonymous_3)
FN:63,(anonymous_4)
FN:66,(anonymous_5)
FN:70,(anonymous_6)
FN:73,(anonymous_7)
FN:76,(anonymous_8)
FN:80,(anonymous_9)
FN:83,(anonymous_10)
FN:87,(anonymous_11)
FN:91,(anonymous_12)
FN:96,(anonymous_13)
FN:99,(anonymous_14)
FN:102,(anonymous_15)
FN:138,(anonymous_16)
FN:138,(anonymous_17)
FN:166,(anonymous_18)
FN:167,(anonymous_19)
FN:196,(anonymous_20)
FN:197,(anonymous_21)
FN:222,(anonymous_22)
FN:223,(anonymous_23)
FN:237,(anonymous_24)
FN:263,(anonymous_25)
FN:263,(anonymous_26)
FN:268,(anonymous_27)
FN:270,(anonymous_28)
FN:272,(anonymous_29)
FN:274,(anonymous_30)
FN:279,(anonymous_31)
FN:280,(anonymous_32)
FN:281,(anonymous_33)
FN:283,(anonymous_34)
FN:292,(anonymous_35)
FN:300,(anonymous_36)
FN:304,(anonymous_37)
FN:333,(anonymous_38)
FNF:39
FNH:15
FNDA:1,(anonymous_0)
FNDA:1,(anonymous_1)
FNDA:3,(anonymous_2)
FNDA:2,(anonymous_3)
FNDA:2,(anonymous_4)
FNDA:1,(anonymous_5)
FNDA:2,(anonymous_6)
FNDA:2,(anonymous_7)
FNDA:1,(anonymous_8)
FNDA:2,(anonymous_9)
FNDA:2,(anonymous_10)
FNDA:1,(anonymous_11)
FNDA:0,(anonymous_12)
FNDA:2,(anonymous_13)
FNDA:3,(anonymous_14)
FNDA:0,(anonymous_15)
FNDA:0,(anonymous_16)
FNDA:0,(anonymous_17)
FNDA:0,(anonymous_18)
FNDA:0,(anonymous_19)
FNDA:0,(anonymous_20)
FNDA:0,(anonymous_21)
FNDA:0,(anonymous_22)
FNDA:0,(anonymous_23)
FNDA:0,(anonymous_24)
FNDA:1,(anonymous_25)
FNDA:0,(anonymous_26)
FNDA:0,(anonymous_27)
FNDA:0,(anonymous_28)
FNDA:0,(anonymous_29)
FNDA:0,(anonymous_30)
FNDA:0,(anonymous_31)
FNDA:0,(anonymous_32)
FNDA:0,(anonymous_33)
FNDA:0,(anonymous_34)
FNDA:0,(anonymous_35)
FNDA:0,(anonymous_36)
FNDA:0,(anonymous_37)
FNDA:0,(anonymous_38)
DA:1,2
DA:5,2
DA:8,2
DA:10,2
DA:12,2
DA:30,2
DA:42,2
DA:47,1
DA:53,1
DA:54,1
DA:57,3
DA:58,3
DA:61,2
DA:64,2
DA:67,1
DA:68,1
DA:71,2
DA:74,2
DA:77,1
DA:78,1
DA:81,2
DA:84,2
DA:85,2
DA:88,1
DA:89,1
DA:92,0
DA:93,0
DA:94,0
DA:97,2
DA:100,3
DA:103,0
DA:104,0
DA:113,2
DA:138,2
DA:139,0
DA:140,0
DA:141,0
DA:142,0
DA:145,0
DA:146,0
DA:147,0
DA:150,0
DA:151,0
DA:152,0
DA:153,0
DA:154,0
DA:156,0
DA:161,0
DA:165,2
DA:166,2
DA:167,0
DA:168,0
DA:169,0
DA:170,0
DA:171,0
DA:174,0
DA:176,0
DA:177,0
DA:182,0
DA:183,0
DA:184,0
DA:186,0
DA:191,0
DA:195,2
DA:196,2
DA:197,0
DA:198,0
DA:199,0
DA:200,0
DA:201,0
DA:204,0
DA:206,0
DA:207,0
DA:208,0
DA:209,0
DA:210,0
DA:212,0
DA:217,0
DA:221,2
DA:222,2
DA:223,0
DA:224,0
DA:225,0
DA:226,0
DA:227,0
DA:230,0
DA:233,0
DA:235,0
DA:236,0
DA:237,0
DA:243,0
DA:249,0
DA:251,0
DA:252,0
DA:258,0
DA:259,0
DA:263,2
DA:264,0
DA:268,2
DA:270,2
DA:272,2
DA:274,2
DA:277,2
DA:279,0
DA:280,0
DA:281,0
DA:284,0
DA:286,0
DA:289,0
DA:290,0
DA:291,0
DA:293,0
DA:299,0
DA:300,0
DA:303,0
DA:304,0
DA:307,0
DA:308,0
DA:309,0
DA:313,0
DA:315,0
DA:316,0
DA:318,0
DA:319,0
DA:320,0
DA:322,0
DA:323,0
DA:324,0
DA:326,0
DA:327,0
DA:328,0
DA:330,0
DA:333,0
DA:334,0
DA:335,0
DA:339,0
DA:343,2
LF:137
LH:42
BRDA:140,0,0,0
BRDA:140,1,0,0
BRDA:140,1,1,0
BRDA:140,1,2,0
BRDA:145,2,0,0
BRDA:153,3,0,0
BRDA:153,3,1,0
BRDA:157,4,0,0
BRDA:157,4,1,0
BRDA:169,5,0,0
BRDA:169,6,0,0
BRDA:169,6,1,0
BRDA:169,6,2,0
BRDA:182,7,0,0
BRDA:182,7,1,0
BRDA:187,8,0,0
BRDA:187,8,1,0
BRDA:199,9,0,0
BRDA:199,10,0,0
BRDA:199,10,1,0
BRDA:199,10,2,0
BRDA:208,11,0,0
BRDA:208,11,1,0
BRDA:213,12,0,0
BRDA:213,12,1,0
BRDA:225,13,0,0
BRDA:225,14,0,0
BRDA:225,14,1,0
BRDA:225,14,2,0
BRDA:249,15,0,0
BRDA:253,16,0,0
BRDA:253,16,1,0
BRDA:284,17,0,0
BRDA:289,18,0,0
BRDA:293,19,0,0
BRDA:293,19,1,0
BRDA:299,20,0,0
BRDA:299,21,0,0
BRDA:299,21,1,0
BRDA:303,22,0,0
BRDA:303,23,0,0
BRDA:303,23,1,0
BRDA:307,24,0,0
BRDA:307,25,0,0
BRDA:307,25,1,0
BRDA:313,26,0,0
BRDA:313,26,1,0
BRDA:313,26,2,0
BRDA:313,26,3,0
BRDA:313,26,4,0
BRF:50
BRH:0
end_of_record
